<?xml version="1.0" encoding="UTF-8"?>
<testsuite name="com.googlecode.d2j.reader.test.AsmfierTest" tests="1" skipped="0" failures="0" errors="0" timestamp="2024-07-12T11:48:28" hostname="LAPTOP-KUQPBOFG" time="0.025">
  <properties/>
  <testcase name="test" classname="com.googlecode.d2j.reader.test.AsmfierTest" time="0.025"/>
  <system-out><![CDATA[]]></system-out>
  <system-err><![CDATA[]]></system-err>
</testsuite>
