<?xml version="1.0" encoding="UTF-8"?>
<testsuite name="com.googlecode.d2j.reader.test.SkipDupMethod" tests="1" skipped="0" failures="0" errors="0" timestamp="2024-07-12T11:48:28" hostname="LAPTOP-KUQPBOFG" time="0.012">
  <properties/>
  <testcase name="test" classname="com.googlecode.d2j.reader.test.SkipDupMethod" time="0.012"/>
  <system-out><![CDATA[]]></system-out>
  <system-err><![CDATA[GLITCH: duplicated method La/Dup;->main([Ljava/lang/String;)V @000001fc
GLITCH: duplicated method La/Dup;->main([Ljava/lang/String;)V @000001fc
WARN: skip method La/Dup;->main([Ljava/lang/String;)V @000001fc
]]></system-err>
</testsuite>
