<?xml version="1.0" encoding="UTF-8"?>
<testsuite name="com.googlecode.d2j.tools.jar.test.DexWaveTest" tests="2" skipped="0" failures="0" errors="0" timestamp="2024-07-12T10:40:22" hostname="LAPTOP-KUQPBOFG" time="0.211">
  <properties/>
  <testcase name="testA" classname="com.googlecode.d2j.tools.jar.test.DexWaveTest" time="0.197"/>
  <testcase name="testB" classname="com.googlecode.d2j.tools.jar.test.DexWaveTest" time="0.014"/>
  <system-out><![CDATA[]]></system-out>
  <system-err><![CDATA[]]></system-err>
</testsuite>
