<?xml version="1.0" encoding="UTF-8"?>
<testsuite name="com.googlecode.dex2jar.ir.test.AggTransformerTest" tests="4" skipped="0" failures="0" errors="0" timestamp="2024-07-12T11:48:27" hostname="LAPTOP-KUQPBOFG" time="0.016">
  <properties/>
  <testcase name="test04" classname="com.googlecode.dex2jar.ir.test.AggTransformerTest" time="0.009"/>
  <testcase name="test05" classname="com.googlecode.dex2jar.ir.test.AggTransformerTest" time="0.006"/>
  <testcase name="t001" classname="com.googlecode.dex2jar.ir.test.AggTransformerTest" time="0.0"/>
  <testcase name="t002" classname="com.googlecode.dex2jar.ir.test.AggTransformerTest" time="0.0"/>
  <system-out><![CDATA[]]></system-out>
  <system-err><![CDATA[]]></system-err>
</testsuite>
