<?xml version="1.0" encoding="UTF-8"?>
<testsuite name="com.googlecode.dex2jar.ir.test.RemoveConstantFromSSATest" tests="5" skipped="0" failures="0" errors="0" timestamp="2024-07-12T11:48:27" hostname="LAPTOP-KUQPBOFG" time="0.004">
  <properties/>
  <testcase name="t001" classname="com.googlecode.dex2jar.ir.test.RemoveConstantFromSSATest" time="0.003"/>
  <testcase name="t002" classname="com.googlecode.dex2jar.ir.test.RemoveConstantFromSSATest" time="0.0"/>
  <testcase name="t003" classname="com.googlecode.dex2jar.ir.test.RemoveConstantFromSSATest" time="0.0"/>
  <testcase name="t004" classname="com.googlecode.dex2jar.ir.test.RemoveConstantFromSSATest" time="0.0"/>
  <testcase name="t005PhiValueEqual" classname="com.googlecode.dex2jar.ir.test.RemoveConstantFromSSATest" time="0.0"/>
  <system-out><![CDATA[]]></system-out>
  <system-err><![CDATA[]]></system-err>
</testsuite>
