<?xml version="1.0" encoding="UTF-8"?>
<testsuite name="com.googlecode.dex2jar.ir.test.JimpleTransformerTest" tests="2" skipped="0" failures="0" errors="0" timestamp="2024-07-12T11:48:27" hostname="LAPTOP-KUQPBOFG" time="0.002">
  <properties/>
  <testcase name="test01HelloWord" classname="com.googlecode.dex2jar.ir.test.JimpleTransformerTest" time="0.002"/>
  <testcase name="test00Base" classname="com.googlecode.dex2jar.ir.test.JimpleTransformerTest" time="0.0"/>
  <system-out><![CDATA[]]></system-out>
  <system-err><![CDATA[]]></system-err>
</testsuite>
