<?xml version="1.0" encoding="UTF-8"?>
<testsuite name="com.googlecode.dex2jar.ir.test.DeadCodeTrnasformerTest" tests="1" skipped="0" failures="0" errors="0" timestamp="2024-07-12T11:48:27" hostname="LAPTOP-KUQPBOFG" time="0.0">
  <properties/>
  <testcase name="test09DeadCode" classname="com.googlecode.dex2jar.ir.test.DeadCodeTrnasformerTest" time="0.0"/>
  <system-out><![CDATA[]]></system-out>
  <system-err><![CDATA[]]></system-err>
</testsuite>
