<?xml version="1.0" encoding="UTF-8"?>
<testsuite name="com.googlecode.dex2jar.ir.test.ZeroTransformerTest" tests="1" skipped="0" failures="0" errors="0" timestamp="2024-07-12T10:40:12" hostname="LAPTOP-KUQPBOFG" time="0.0">
  <properties/>
  <testcase name="t001" classname="com.googlecode.dex2jar.ir.test.ZeroTransformerTest" time="0.0"/>
  <system-out><![CDATA[]]></system-out>
  <system-err><![CDATA[]]></system-err>
</testsuite>
