<?xml version="1.0" encoding="UTF-8"?>
<testsuite name="com.googlecode.dex2jar.ir.test.UnSSATransformerTransformerTest" tests="7" skipped="0" failures="0" errors="0" timestamp="2024-07-12T11:48:27" hostname="LAPTOP-KUQPBOFG" time="0.005">
  <properties/>
  <testcase name="test05OneInPhiLoop" classname="com.googlecode.dex2jar.ir.test.UnSSATransformerTransformerTest" time="0.004"/>
  <testcase name="test06TwoJump" classname="com.googlecode.dex2jar.ir.test.UnSSATransformerTransformerTest" time="0.0"/>
  <testcase name="test04OneInPhi" classname="com.googlecode.dex2jar.ir.test.UnSSATransformerTransformerTest" time="0.0"/>
  <testcase name="test02_3branches" classname="com.googlecode.dex2jar.ir.test.UnSSATransformerTransformerTest" time="0.001"/>
  <testcase name="test07PhiInHandler" classname="com.googlecode.dex2jar.ir.test.UnSSATransformerTransformerTest" time="0.0"/>
  <testcase name="test01SSAProblem" classname="com.googlecode.dex2jar.ir.test.UnSSATransformerTransformerTest" time="0.0"/>
  <testcase name="test00Base" classname="com.googlecode.dex2jar.ir.test.UnSSATransformerTransformerTest" time="0.0"/>
  <system-out><![CDATA[]]></system-out>
  <system-err><![CDATA[]]></system-err>
</testsuite>
