<?xml version="1.0" encoding="UTF-8"?>
<testsuite name="com.googlecode.dex2jar.test.ArrayTypeTest" tests="4" skipped="0" failures="0" errors="0" timestamp="2024-07-12T10:40:24" hostname="LAPTOP-KUQPBOFG" time="0.222">
  <properties/>
  <testcase name="merge1" classname="com.googlecode.dex2jar.test.ArrayTypeTest" time="0.216"/>
  <testcase name="a120" classname="com.googlecode.dex2jar.test.ArrayTypeTest" time="0.002"/>
  <testcase name="a122" classname="com.googlecode.dex2jar.test.ArrayTypeTest" time="0.001"/>
  <testcase name="a123" classname="com.googlecode.dex2jar.test.ArrayTypeTest" time="0.001"/>
  <system-out><![CDATA[]]></system-out>
  <system-err><![CDATA[]]></system-err>
</testsuite>
