<?xml version="1.0" encoding="UTF-8"?>
<testsuite name="com.googlecode.dex2jar.test.D2jTest" tests="471" skipped="0" failures="0" errors="0" timestamp="2024-07-12T10:40:28" hostname="LAPTOP-KUQPBOFG" time="2.325">
  <properties/>
  <testcase name="c [Ldex038;]" classname="com.googlecode.dex2jar.test.D2jTest" time="0.008"/>
  <testcase name="c [Ldex039;]" classname="com.googlecode.dex2jar.test.D2jTest" time="0.002"/>
  <testcase name="c [Ldex04 0;]" classname="com.googlecode.dex2jar.test.D2jTest" time="0.001"/>
  <testcase name="c [Ljavax/servlet/Filter;]" classname="com.googlecode.dex2jar.test.D2jTest" time="0.002"/>
  <testcase name="c [Ljavax/servlet/FilterChain;]" classname="com.googlecode.dex2jar.test.D2jTest" time="0.002"/>
  <testcase name="c [Ljavax/servlet/FilterConfig;]" classname="com.googlecode.dex2jar.test.D2jTest" time="0.001"/>
  <testcase name="c [Ljavax/servlet/Servlet;]" classname="com.googlecode.dex2jar.test.D2jTest" time="0.001"/>
  <testcase name="c [Ljavax/servlet/ServletConfig;]" classname="com.googlecode.dex2jar.test.D2jTest" time="0.001"/>
  <testcase name="c [Ljavax/servlet/GenericServlet;]" classname="com.googlecode.dex2jar.test.D2jTest" time="0.005"/>
  <testcase name="c [Ljavax/servlet/RequestDispatcher;]" classname="com.googlecode.dex2jar.test.D2jTest" time="0.001"/>
  <testcase name="c [Ljavax/servlet/ServletContext;]" classname="com.googlecode.dex2jar.test.D2jTest" time="0.002"/>
  <testcase name="c [Ljavax/servlet/ServletContextEvent;]" classname="com.googlecode.dex2jar.test.D2jTest" time="0.001"/>
  <testcase name="c [Ljavax/servlet/ServletContextAttributeEvent;]" classname="com.googlecode.dex2jar.test.D2jTest" time="0.002"/>
  <testcase name="c [Ljavax/servlet/ServletContextAttributeListener;]" classname="com.googlecode.dex2jar.test.D2jTest" time="0.001"/>
  <testcase name="c [Ljavax/servlet/ServletContextListener;]" classname="com.googlecode.dex2jar.test.D2jTest" time="0.001"/>
  <testcase name="c [Ljavax/servlet/ServletException;]" classname="com.googlecode.dex2jar.test.D2jTest" time="0.002"/>
  <testcase name="c [Ljavax/servlet/ServletInputStream;]" classname="com.googlecode.dex2jar.test.D2jTest" time="0.002"/>
  <testcase name="c [Ljavax/servlet/ServletOutputStream;]" classname="com.googlecode.dex2jar.test.D2jTest" time="0.005"/>
  <testcase name="c [Ljavax/servlet/ServletRequest;]" classname="com.googlecode.dex2jar.test.D2jTest" time="0.002"/>
  <testcase name="c [Ljavax/servlet/ServletRequestEvent;]" classname="com.googlecode.dex2jar.test.D2jTest" time="0.002"/>
  <testcase name="c [Ljavax/servlet/ServletRequestAttributeEvent;]" classname="com.googlecode.dex2jar.test.D2jTest" time="0.002"/>
  <testcase name="c [Ljavax/servlet/ServletRequestAttributeListener;]" classname="com.googlecode.dex2jar.test.D2jTest" time="0.001"/>
  <testcase name="c [Ljavax/servlet/ServletRequestListener;]" classname="com.googlecode.dex2jar.test.D2jTest" time="0.001"/>
  <testcase name="c [Ljavax/servlet/ServletRequestWrapper;]" classname="com.googlecode.dex2jar.test.D2jTest" time="0.005"/>
  <testcase name="c [Ljavax/servlet/ServletResponse;]" classname="com.googlecode.dex2jar.test.D2jTest" time="0.002"/>
  <testcase name="c [Ljavax/servlet/ServletResponseWrapper;]" classname="com.googlecode.dex2jar.test.D2jTest" time="0.003"/>
  <testcase name="c [Ljavax/servlet/SingleThreadModel;]" classname="com.googlecode.dex2jar.test.D2jTest" time="0.001"/>
  <testcase name="c [Ljavax/servlet/UnavailableException;]" classname="com.googlecode.dex2jar.test.D2jTest" time="0.003"/>
  <testcase name="c [Ljavax/servlet/http/Cookie;]" classname="com.googlecode.dex2jar.test.D2jTest" time="0.005"/>
  <testcase name="c [Ljavax/servlet/http/HttpServlet;]" classname="com.googlecode.dex2jar.test.D2jTest" time="0.011"/>
  <testcase name="c [Ljavax/servlet/http/HttpServletRequest;]" classname="com.googlecode.dex2jar.test.D2jTest" time="0.001"/>
  <testcase name="c [Ljavax/servlet/http/HttpServletRequestWrapper;]" classname="com.googlecode.dex2jar.test.D2jTest" time="0.005"/>
  <testcase name="c [Ljavax/servlet/http/HttpServletResponse;]" classname="com.googlecode.dex2jar.test.D2jTest" time="0.002"/>
  <testcase name="c [Ljavax/servlet/http/HttpServletResponseWrapper;]" classname="com.googlecode.dex2jar.test.D2jTest" time="0.004"/>
  <testcase name="c [Ljavax/servlet/http/HttpSession;]" classname="com.googlecode.dex2jar.test.D2jTest" time="0.002"/>
  <testcase name="c [Ljavax/servlet/http/HttpSessionActivationListener;]" classname="com.googlecode.dex2jar.test.D2jTest" time="0.001"/>
  <testcase name="c [Ljavax/servlet/http/HttpSessionAttributeListener;]" classname="com.googlecode.dex2jar.test.D2jTest" time="0.001"/>
  <testcase name="c [Ljavax/servlet/http/HttpSessionEvent;]" classname="com.googlecode.dex2jar.test.D2jTest" time="0.002"/>
  <testcase name="c [Ljavax/servlet/http/HttpSessionBindingEvent;]" classname="com.googlecode.dex2jar.test.D2jTest" time="0.002"/>
  <testcase name="c [Ljavax/servlet/http/HttpSessionBindingListener;]" classname="com.googlecode.dex2jar.test.D2jTest" time="0.001"/>
  <testcase name="c [Ljavax/servlet/http/HttpSessionContext;]" classname="com.googlecode.dex2jar.test.D2jTest" time="0.0"/>
  <testcase name="c [Ljavax/servlet/http/HttpSessionListener;]" classname="com.googlecode.dex2jar.test.D2jTest" time="0.001"/>
  <testcase name="c [Ljavax/servlet/http/HttpUtils;]" classname="com.googlecode.dex2jar.test.D2jTest" time="0.006"/>
  <testcase name="c [Ljavax/servlet/http/NoBodyOutputStream;]" classname="com.googlecode.dex2jar.test.D2jTest" time="0.003"/>
  <testcase name="c [Ljavax/servlet/http/NoBodyResponse;]" classname="com.googlecode.dex2jar.test.D2jTest" time="0.007"/>
  <testcase name="c [Lorg/mortbay/component/LifeCycle;]" classname="com.googlecode.dex2jar.test.D2jTest" time="0.003"/>
  <testcase name="c [Lorg/mortbay/component/AbstractLifeCycle;]" classname="com.googlecode.dex2jar.test.D2jTest" time="0.007"/>
  <testcase name="c [Lorg/mortbay/component/Container$1;]" classname="com.googlecode.dex2jar.test.D2jTest" time="0.003"/>
  <testcase name="c [Lorg/mortbay/component/Container$Listener;]" classname="com.googlecode.dex2jar.test.D2jTest" time="0.002"/>
  <testcase name="c [Lorg/mortbay/component/Container$Relationship;]" classname="com.googlecode.dex2jar.test.D2jTest" time="0.003"/>
  <testcase name="c [Lorg/mortbay/component/Container;]" classname="com.googlecode.dex2jar.test.D2jTest" time="0.008"/>
  <testcase name="c [Lorg/mortbay/component/LifeCycle$Listener;]" classname="com.googlecode.dex2jar.test.D2jTest" time="0.002"/>
  <testcase name="c [Lorg/mortbay/ijetty/AndroidClassLoader;]" classname="com.googlecode.dex2jar.test.D2jTest" time="0.01"/>
  <testcase name="c [Lorg/mortbay/log/Logger;]" classname="com.googlecode.dex2jar.test.D2jTest" time="0.001"/>
  <testcase name="c [Lorg/mortbay/ijetty/AndroidLog;]" classname="com.googlecode.dex2jar.test.D2jTest" time="0.003"/>
  <testcase name="c [Lorg/mortbay/jetty/deployer/WebAppDeployer;]" classname="com.googlecode.dex2jar.test.D2jTest" time="0.009"/>
  <testcase name="c [Lorg/mortbay/ijetty/AndroidWebAppDeployer;]" classname="com.googlecode.dex2jar.test.D2jTest" time="0.009"/>
  <testcase name="c [Lorg/mortbay/jetty/webapp/Configuration;]" classname="com.googlecode.dex2jar.test.D2jTest" time="0.002"/>
  <testcase name="c [Lorg/mortbay/jetty/webapp/WebInfConfiguration;]" classname="com.googlecode.dex2jar.test.D2jTest" time="0.003"/>
  <testcase name="c [Lorg/mortbay/ijetty/AndroidWebInfConfiguration;]" classname="com.googlecode.dex2jar.test.D2jTest" time="0.004"/>
  <testcase name="c [Lorg/mortbay/ijetty/IJetty$1;]" classname="com.googlecode.dex2jar.test.D2jTest" time="0.002"/>
  <testcase name="c [Lorg/mortbay/ijetty/IJetty$2;]" classname="com.googlecode.dex2jar.test.D2jTest" time="0.002"/>
  <testcase name="c [Lorg/mortbay/ijetty/IJetty$3;]" classname="com.googlecode.dex2jar.test.D2jTest" time="0.002"/>
  <testcase name="c [Lorg/mortbay/ijetty/IJetty$4;]" classname="com.googlecode.dex2jar.test.D2jTest" time="0.002"/>
  <testcase name="c [Lorg/mortbay/ijetty/IJetty$IPList;]" classname="com.googlecode.dex2jar.test.D2jTest" time="0.003"/>
  <testcase name="c [Lorg/mortbay/ijetty/IJetty$NetworkListAdapter;]" classname="com.googlecode.dex2jar.test.D2jTest" time="0.003"/>
  <testcase name="c [Lorg/mortbay/ijetty/IJetty;]" classname="com.googlecode.dex2jar.test.D2jTest" time="0.009"/>
  <testcase name="c [Lorg/mortbay/ijetty/IJettyDownloader$1;]" classname="com.googlecode.dex2jar.test.D2jTest" time="0.003"/>
  <testcase name="c [Lorg/mortbay/ijetty/IJettyDownloader$2;]" classname="com.googlecode.dex2jar.test.D2jTest" time="0.003"/>
  <testcase name="c [Lorg/mortbay/ijetty/IJettyDownloader$3;]" classname="com.googlecode.dex2jar.test.D2jTest" time="0.002"/>
  <testcase name="c [Lorg/mortbay/ijetty/IJettyDownloader$4;]" classname="com.googlecode.dex2jar.test.D2jTest" time="0.001"/>
  <testcase name="c [Lorg/mortbay/ijetty/IJettyDownloader$5;]" classname="com.googlecode.dex2jar.test.D2jTest" time="0.002"/>
  <testcase name="c [Lorg/mortbay/jetty/client/HttpExchange;]" classname="com.googlecode.dex2jar.test.D2jTest" time="0.008"/>
  <testcase name="c [Lorg/mortbay/jetty/client/CachedExchange;]" classname="com.googlecode.dex2jar.test.D2jTest" time="0.003"/>
  <testcase name="c [Lorg/mortbay/jetty/client/ContentExchange;]" classname="com.googlecode.dex2jar.test.D2jTest" time="0.005"/>
  <testcase name="c [Lorg/mortbay/ijetty/IJettyDownloader$6;]" classname="com.googlecode.dex2jar.test.D2jTest" time="0.005"/>
  <testcase name="c [Lorg/mortbay/ijetty/IJettyDownloader;]" classname="com.googlecode.dex2jar.test.D2jTest" time="0.008"/>
  <testcase name="c [Lorg/mortbay/ijetty/IJettyEditor;]" classname="com.googlecode.dex2jar.test.D2jTest" time="0.002"/>
  <testcase name="c [Lorg/mortbay/ijetty/IJettyService;]" classname="com.googlecode.dex2jar.test.D2jTest" time="0.009"/>
  <testcase name="c [Lorg/mortbay/ijetty/Installer;]" classname="com.googlecode.dex2jar.test.D2jTest" time="0.008"/>
  <testcase name="c [Lorg/mortbay/ijetty/R$attr;]" classname="com.googlecode.dex2jar.test.D2jTest" time="0.002"/>
  <testcase name="c [Lorg/mortbay/ijetty/R$drawable;]" classname="com.googlecode.dex2jar.test.D2jTest" time="0.001"/>
  <testcase name="c [Lorg/mortbay/ijetty/R$id;]" classname="com.googlecode.dex2jar.test.D2jTest" time="0.002"/>
  <testcase name="c [Lorg/mortbay/ijetty/R$layout;]" classname="com.googlecode.dex2jar.test.D2jTest" time="0.001"/>
  <testcase name="c [Lorg/mortbay/ijetty/R$raw;]" classname="com.googlecode.dex2jar.test.D2jTest" time="0.002"/>
  <testcase name="c [Lorg/mortbay/ijetty/R$string;]" classname="com.googlecode.dex2jar.test.D2jTest" time="0.002"/>
  <testcase name="c [Lorg/mortbay/ijetty/R$xml;]" classname="com.googlecode.dex2jar.test.D2jTest" time="0.001"/>
  <testcase name="c [Lorg/mortbay/ijetty/R;]" classname="com.googlecode.dex2jar.test.D2jTest" time="0.001"/>
  <testcase name="c [Lorg/mortbay/ijetty/console/AbstractContactsServlet;]" classname="com.googlecode.dex2jar.test.D2jTest" time="0.014"/>
  <testcase name="c [Lorg/mortbay/ijetty/console/CallLogServlet;]" classname="com.googlecode.dex2jar.test.D2jTest" time="0.01"/>
  <testcase name="c [Lorg/mortbay/ijetty/console/DatabaseCollection;]" classname="com.googlecode.dex2jar.test.D2jTest" time="0.002"/>
  <testcase name="c [Lorg/mortbay/ijetty/console/ContactMethod$ContactMethodsCollection;]" classname="com.googlecode.dex2jar.test.D2jTest" time="0.003"/>
  <testcase name="c [Lorg/mortbay/ijetty/console/ContactMethod;]" classname="com.googlecode.dex2jar.test.D2jTest" time="0.003"/>
  <testcase name="c [Lorg/mortbay/ijetty/console/ContactsHTMLServlet$__INFO_TYPE;]" classname="com.googlecode.dex2jar.test.D2jTest" time="0.003"/>
  <testcase name="c [Lorg/mortbay/ijetty/console/ContactsHTMLServlet;]" classname="com.googlecode.dex2jar.test.D2jTest" time="0.023"/>
  <testcase name="c [Lorg/mortbay/ijetty/console/ContactsJSONServlet;]" classname="com.googlecode.dex2jar.test.D2jTest" time="0.008"/>
  <testcase name="c [Lorg/mortbay/ijetty/console/HTMLHelper;]" classname="com.googlecode.dex2jar.test.D2jTest" time="0.005"/>
  <testcase name="c [Lorg/mortbay/ijetty/console/IPServlet;]" classname="com.googlecode.dex2jar.test.D2jTest" time="0.004"/>
  <testcase name="c [Lorg/mortbay/ijetty/console/MediaBrowserServlet;]" classname="com.googlecode.dex2jar.test.D2jTest" time="0.006"/>
  <testcase name="c [Lorg/mortbay/ijetty/console/Phone$PhoneCollection;]" classname="com.googlecode.dex2jar.test.D2jTest" time="0.001"/>
  <testcase name="c [Lorg/mortbay/ijetty/console/Phone;]" classname="com.googlecode.dex2jar.test.D2jTest" time="0.003"/>
  <testcase name="c [Lorg/mortbay/ijetty/console/SettingsServlet;]" classname="com.googlecode.dex2jar.test.D2jTest" time="0.004"/>
  <testcase name="c [Lorg/mortbay/ijetty/console/User$UserCollection;]" classname="com.googlecode.dex2jar.test.D2jTest" time="0.001"/>
  <testcase name="c [Lorg/mortbay/ijetty/console/User;]" classname="com.googlecode.dex2jar.test.D2jTest" time="0.004"/>
  <testcase name="c [Lorg/mortbay/ijetty/resource/AndroidResource;]" classname="com.googlecode.dex2jar.test.D2jTest" time="0.002"/>
  <testcase name="c [Lorg/mortbay/ijetty/resource/AndroidFileResource;]" classname="com.googlecode.dex2jar.test.D2jTest" time="0.006"/>
  <testcase name="c [Lorg/mortbay/ijetty/servlet/DefaultServlet;]" classname="com.googlecode.dex2jar.test.D2jTest" time="0.007"/>
  <testcase name="c [Lorg/mortbay/io/Buffer;]" classname="com.googlecode.dex2jar.test.D2jTest" time="0.001"/>
  <testcase name="c [Lorg/mortbay/io/AbstractBuffer;]" classname="com.googlecode.dex2jar.test.D2jTest" time="0.041"/>
  <testcase name="c [Lorg/mortbay/io/Buffer$CaseInsensitve;]" classname="com.googlecode.dex2jar.test.D2jTest" time="0.001"/>
  <testcase name="c [Lorg/mortbay/io/ByteArrayBuffer;]" classname="com.googlecode.dex2jar.test.D2jTest" time="0.01"/>
  <testcase name="c [Lorg/mortbay/io/ByteArrayBuffer$CaseInsensitive;]" classname="com.googlecode.dex2jar.test.D2jTest" time="0.002"/>
  <testcase name="c [Lorg/mortbay/io/BufferCache$CachedBuffer;]" classname="com.googlecode.dex2jar.test.D2jTest" time="0.003"/>
  <testcase name="c [Lorg/mortbay/io/BufferCache;]" classname="com.googlecode.dex2jar.test.D2jTest" time="0.004"/>
  <testcase name="c [Lorg/mortbay/util/DateCache;]" classname="com.googlecode.dex2jar.test.D2jTest" time="0.008"/>
  <testcase name="c [Lorg/mortbay/io/BufferDateCache;]" classname="com.googlecode.dex2jar.test.D2jTest" time="0.002"/>
  <testcase name="c [Lorg/mortbay/io/BufferUtil;]" classname="com.googlecode.dex2jar.test.D2jTest" time="0.019"/>
  <testcase name="c [Lorg/mortbay/io/Buffers;]" classname="com.googlecode.dex2jar.test.D2jTest" time="0.001"/>
  <testcase name="c [Lorg/mortbay/io/EndPoint;]" classname="com.googlecode.dex2jar.test.D2jTest" time="0.001"/>
  <testcase name="c [Lorg/mortbay/io/ByteArrayEndPoint;]" classname="com.googlecode.dex2jar.test.D2jTest" time="0.004"/>
  <testcase name="c [Lorg/mortbay/io/Connection;]" classname="com.googlecode.dex2jar.test.D2jTest" time="0.001"/>
  <testcase name="c [Lorg/mortbay/io/Portable;]" classname="com.googlecode.dex2jar.test.D2jTest" time="0.001"/>
  <testcase name="c [Lorg/mortbay/io/SimpleBuffers;]" classname="com.googlecode.dex2jar.test.D2jTest" time="0.003"/>
  <testcase name="c [Lorg/mortbay/io/View;]" classname="com.googlecode.dex2jar.test.D2jTest" time="0.006"/>
  <testcase name="c [Lorg/mortbay/io/View$CaseInsensitive;]" classname="com.googlecode.dex2jar.test.D2jTest" time="0.002"/>
  <testcase name="c [Lorg/mortbay/io/WriterOutputStream;]" classname="com.googlecode.dex2jar.test.D2jTest" time="0.004"/>
  <testcase name="c [Lorg/mortbay/io/bio/StreamEndPoint;]" classname="com.googlecode.dex2jar.test.D2jTest" time="0.005"/>
  <testcase name="c [Lorg/mortbay/io/bio/SocketEndPoint;]" classname="com.googlecode.dex2jar.test.D2jTest" time="0.004"/>
  <testcase name="c [Lorg/mortbay/io/bio/StringEndPoint;]" classname="com.googlecode.dex2jar.test.D2jTest" time="0.003"/>
  <testcase name="c [Lorg/mortbay/io/nio/ChannelEndPoint;]" classname="com.googlecode.dex2jar.test.D2jTest" time="0.01"/>
  <testcase name="c [Lorg/mortbay/io/nio/NIOBuffer;]" classname="com.googlecode.dex2jar.test.D2jTest" time="0.001"/>
  <testcase name="c [Lorg/mortbay/io/nio/DirectNIOBuffer;]" classname="com.googlecode.dex2jar.test.D2jTest" time="0.011"/>
  <testcase name="c [Lorg/mortbay/io/nio/IndirectNIOBuffer;]" classname="com.googlecode.dex2jar.test.D2jTest" time="0.002"/>
  <testcase name="c [Lorg/mortbay/thread/Timeout$Task;]" classname="com.googlecode.dex2jar.test.D2jTest" time="0.004"/>
  <testcase name="c [Lorg/mortbay/io/nio/SelectChannelEndPoint$IdleTask;]" classname="com.googlecode.dex2jar.test.D2jTest" time="0.002"/>
  <testcase name="c [Lorg/mortbay/io/nio/SelectChannelEndPoint;]" classname="com.googlecode.dex2jar.test.D2jTest" time="0.012"/>
  <testcase name="c [Lorg/mortbay/io/nio/SelectorManager$SelectSet;]" classname="com.googlecode.dex2jar.test.D2jTest" time="0.017"/>
  <testcase name="c [Lorg/mortbay/io/nio/SelectorManager;]" classname="com.googlecode.dex2jar.test.D2jTest" time="0.004"/>
  <testcase name="c [Lorg/mortbay/jetty/AbstractBuffers$1;]" classname="com.googlecode.dex2jar.test.D2jTest" time="0.003"/>
  <testcase name="c [Lorg/mortbay/jetty/AbstractBuffers$ThreadBuffers;]" classname="com.googlecode.dex2jar.test.D2jTest" time="0.001"/>
  <testcase name="c [Lorg/mortbay/jetty/AbstractBuffers;]" classname="com.googlecode.dex2jar.test.D2jTest" time="0.005"/>
  <testcase name="c [Lorg/mortbay/jetty/AbstractConnector$Acceptor;]" classname="com.googlecode.dex2jar.test.D2jTest" time="0.004"/>
  <testcase name="c [Lorg/mortbay/jetty/Connector;]" classname="com.googlecode.dex2jar.test.D2jTest" time="0.002"/>
  <testcase name="c [Lorg/mortbay/jetty/AbstractConnector;]" classname="com.googlecode.dex2jar.test.D2jTest" time="0.013"/>
  <testcase name="c [Lorg/mortbay/jetty/AbstractGenerator$Output;]" classname="com.googlecode.dex2jar.test.D2jTest" time="0.004"/>
  <testcase name="c [Lorg/mortbay/jetty/AbstractGenerator$OutputWriter;]" classname="com.googlecode.dex2jar.test.D2jTest" time="0.009"/>
  <testcase name="c [Lorg/mortbay/jetty/Generator;]" classname="com.googlecode.dex2jar.test.D2jTest" time="0.002"/>
  <testcase name="c [Lorg/mortbay/jetty/AbstractGenerator;]" classname="com.googlecode.dex2jar.test.D2jTest" time="0.008"/>
  <testcase name="c [Lorg/mortbay/jetty/HttpURI;]" classname="com.googlecode.dex2jar.test.D2jTest" time="0.014"/>
  <testcase name="c [Lorg/mortbay/jetty/EncodedHttpURI;]" classname="com.googlecode.dex2jar.test.D2jTest" time="0.006"/>
  <testcase name="c [Lorg/mortbay/jetty/EofException;]" classname="com.googlecode.dex2jar.test.D2jTest" time="0.001"/>
  <testcase name="c [Lorg/mortbay/jetty/Handler;]" classname="com.googlecode.dex2jar.test.D2jTest" time="0.001"/>
  <testcase name="c [Lorg/mortbay/jetty/HandlerContainer;]" classname="com.googlecode.dex2jar.test.D2jTest" time="0.001"/>
  <testcase name="c [Lorg/mortbay/jetty/HttpConnection$1;]" classname="com.googlecode.dex2jar.test.D2jTest" time="0.001"/>
  <testcase name="c [Lorg/mortbay/jetty/HttpConnection$Output;]" classname="com.googlecode.dex2jar.test.D2jTest" time="0.006"/>
  <testcase name="c [Lorg/mortbay/jetty/HttpConnection$OutputWriter;]" classname="com.googlecode.dex2jar.test.D2jTest" time="0.002"/>
  <testcase name="c [Lorg/mortbay/jetty/HttpParser$EventHandler;]" classname="com.googlecode.dex2jar.test.D2jTest" time="0.001"/>
  <testcase name="c [Lorg/mortbay/jetty/HttpConnection$RequestHandler;]" classname="com.googlecode.dex2jar.test.D2jTest" time="0.005"/>
  <testcase name="c [Lorg/mortbay/jetty/HttpConnection;]" classname="com.googlecode.dex2jar.test.D2jTest" time="0.022"/>
  <testcase name="c [Lorg/mortbay/jetty/HttpContent;]" classname="com.googlecode.dex2jar.test.D2jTest" time="0.001"/>
  <testcase name="c [Lorg/mortbay/jetty/HttpException;]" classname="com.googlecode.dex2jar.test.D2jTest" time="0.002"/>
  <testcase name="c [Lorg/mortbay/jetty/HttpFields$1;]" classname="com.googlecode.dex2jar.test.D2jTest" time="0.003"/>
  <testcase name="c [Lorg/mortbay/jetty/HttpFields$2;]" classname="com.googlecode.dex2jar.test.D2jTest" time="0.002"/>
  <testcase name="c [Lorg/mortbay/jetty/HttpFields$3;]" classname="com.googlecode.dex2jar.test.D2jTest" time="0.003"/>
  <testcase name="c [Lorg/mortbay/jetty/HttpFields$4;]" classname="com.googlecode.dex2jar.test.D2jTest" time="0.002"/>
  <testcase name="c [Lorg/mortbay/jetty/HttpFields$5;]" classname="com.googlecode.dex2jar.test.D2jTest" time="0.003"/>
  <testcase name="c [Lorg/mortbay/jetty/HttpFields$Field;]" classname="com.googlecode.dex2jar.test.D2jTest" time="0.006"/>
  <testcase name="c [Lorg/mortbay/jetty/HttpFields;]" classname="com.googlecode.dex2jar.test.D2jTest" time="0.021"/>
  <testcase name="c [Lorg/mortbay/jetty/HttpGenerator;]" classname="com.googlecode.dex2jar.test.D2jTest" time="0.028"/>
  <testcase name="c [Lorg/mortbay/jetty/HttpHeaderValues;]" classname="com.googlecode.dex2jar.test.D2jTest" time="0.004"/>
  <testcase name="c [Lorg/mortbay/jetty/HttpHeaders;]" classname="com.googlecode.dex2jar.test.D2jTest" time="0.005"/>
  <testcase name="c [Lorg/mortbay/jetty/HttpMethods;]" classname="com.googlecode.dex2jar.test.D2jTest" time="0.002"/>
  <testcase name="c [Lorg/mortbay/jetty/HttpOnlyCookie;]" classname="com.googlecode.dex2jar.test.D2jTest" time="0.002"/>
  <testcase name="c [Lorg/mortbay/jetty/HttpParser$Input;]" classname="com.googlecode.dex2jar.test.D2jTest" time="0.003"/>
  <testcase name="c [Lorg/mortbay/jetty/Parser;]" classname="com.googlecode.dex2jar.test.D2jTest" time="0.001"/>
  <testcase name="c [Lorg/mortbay/jetty/HttpParser;]" classname="com.googlecode.dex2jar.test.D2jTest" time="0.103"/>
  <testcase name="c [Lorg/mortbay/jetty/HttpSchemes;]" classname="com.googlecode.dex2jar.test.D2jTest" time="0.002"/>
  <testcase name="c [Lorg/mortbay/jetty/HttpStatus;]" classname="com.googlecode.dex2jar.test.D2jTest" time="0.008"/>
  <testcase name="c [Lorg/mortbay/jetty/HttpTokens;]" classname="com.googlecode.dex2jar.test.D2jTest" time="0.002"/>
  <testcase name="c [Lorg/mortbay/jetty/HttpVersions;]" classname="com.googlecode.dex2jar.test.D2jTest" time="0.001"/>
  <testcase name="c [Lorg/mortbay/jetty/InclusiveByteRange;]" classname="com.googlecode.dex2jar.test.D2jTest" time="0.007"/>
  <testcase name="c [Lorg/mortbay/jetty/LocalConnector;]" classname="com.googlecode.dex2jar.test.D2jTest" time="0.007"/>
  <testcase name="c [Lorg/mortbay/jetty/Main;]" classname="com.googlecode.dex2jar.test.D2jTest" time="0.004"/>
  <testcase name="c [Lorg/mortbay/jetty/MimeTypes;]" classname="com.googlecode.dex2jar.test.D2jTest" time="0.008"/>
  <testcase name="c [Lorg/mortbay/jetty/RequestLog;]" classname="com.googlecode.dex2jar.test.D2jTest" time="0.001"/>
  <testcase name="c [Lorg/mortbay/jetty/NCSARequestLog;]" classname="com.googlecode.dex2jar.test.D2jTest" time="0.014"/>
  <testcase name="c [Lorg/mortbay/jetty/Request$1;]" classname="com.googlecode.dex2jar.test.D2jTest" time="0.002"/>
  <testcase name="c [Lorg/mortbay/jetty/Request;]" classname="com.googlecode.dex2jar.test.D2jTest" time="0.036"/>
  <testcase name="c [Lorg/mortbay/jetty/ResourceCache$Content;]" classname="com.googlecode.dex2jar.test.D2jTest" time="0.005"/>
  <testcase name="c [Lorg/mortbay/jetty/ResourceCache;]" classname="com.googlecode.dex2jar.test.D2jTest" time="0.004"/>
  <testcase name="c [Lorg/mortbay/jetty/Response$1;]" classname="com.googlecode.dex2jar.test.D2jTest" time="0.001"/>
  <testcase name="c [Lorg/mortbay/jetty/Response$NullOutput;]" classname="com.googlecode.dex2jar.test.D2jTest" time="0.001"/>
  <testcase name="c [Lorg/mortbay/jetty/Response;]" classname="com.googlecode.dex2jar.test.D2jTest" time="0.02"/>
  <testcase name="c [Lorg/mortbay/jetty/RetryRequest;]" classname="com.googlecode.dex2jar.test.D2jTest" time="0.001"/>
  <testcase name="c [Lorg/mortbay/jetty/Server$1;]" classname="com.googlecode.dex2jar.test.D2jTest" time="0.001"/>
  <testcase name="c [Lorg/mortbay/jetty/Server$Graceful;]" classname="com.googlecode.dex2jar.test.D2jTest" time="0.0"/>
  <testcase name="c [Lorg/mortbay/jetty/Server$ShutdownHookThread;]" classname="com.googlecode.dex2jar.test.D2jTest" time="0.003"/>
  <testcase name="c [Lorg/mortbay/jetty/handler/AbstractHandler;]" classname="com.googlecode.dex2jar.test.D2jTest" time="0.002"/>
  <testcase name="c [Lorg/mortbay/jetty/handler/AbstractHandlerContainer;]" classname="com.googlecode.dex2jar.test.D2jTest" time="0.003"/>
  <testcase name="c [Lorg/mortbay/jetty/handler/HandlerWrapper;]" classname="com.googlecode.dex2jar.test.D2jTest" time="0.004"/>
  <testcase name="c [Lorg/mortbay/util/Attributes;]" classname="com.googlecode.dex2jar.test.D2jTest" time="0.001"/>
  <testcase name="c [Lorg/mortbay/jetty/Server;]" classname="com.googlecode.dex2jar.test.D2jTest" time="0.009"/>
  <testcase name="c [Lorg/mortbay/jetty/SessionIdManager;]" classname="com.googlecode.dex2jar.test.D2jTest" time="0.001"/>
  <testcase name="c [Lorg/mortbay/jetty/SessionManager;]" classname="com.googlecode.dex2jar.test.D2jTest" time="0.001"/>
  <testcase name="c [Lorg/mortbay/jetty/bio/SocketConnector$Connection;]" classname="com.googlecode.dex2jar.test.D2jTest" time="0.004"/>
  <testcase name="c [Lorg/mortbay/jetty/bio/SocketConnector;]" classname="com.googlecode.dex2jar.test.D2jTest" time="0.003"/>
  <testcase name="c [Lorg/mortbay/jetty/client/Address;]" classname="com.googlecode.dex2jar.test.D2jTest" time="0.003"/>
  <testcase name="c [Lorg/mortbay/jetty/client/HttpClient$1;]" classname="com.googlecode.dex2jar.test.D2jTest" time="0.002"/>
  <testcase name="c [Lorg/mortbay/jetty/client/HttpClient$2;]" classname="com.googlecode.dex2jar.test.D2jTest" time="0.002"/>
  <testcase name="c [Lorg/mortbay/jetty/client/HttpClient$3;]" classname="com.googlecode.dex2jar.test.D2jTest" time="0.002"/>
  <testcase name="c [Lorg/mortbay/jetty/client/HttpClient$Connector;]" classname="com.googlecode.dex2jar.test.D2jTest" time="0.001"/>
  <testcase name="c [Lorg/mortbay/jetty/client/HttpClient;]" classname="com.googlecode.dex2jar.test.D2jTest" time="0.012"/>
  <testcase name="c [Lorg/mortbay/jetty/client/HttpConnection$1;]" classname="com.googlecode.dex2jar.test.D2jTest" time="0.003"/>
  <testcase name="c [Lorg/mortbay/jetty/client/HttpConnection$Handler;]" classname="com.googlecode.dex2jar.test.D2jTest" time="0.004"/>
  <testcase name="c [Lorg/mortbay/jetty/client/HttpConnection;]" classname="com.googlecode.dex2jar.test.D2jTest" time="0.021"/>
  <testcase name="c [Lorg/mortbay/jetty/client/HttpDestination;]" classname="com.googlecode.dex2jar.test.D2jTest" time="0.012"/>
  <testcase name="c [Lorg/mortbay/jetty/client/HttpEventListener;]" classname="com.googlecode.dex2jar.test.D2jTest" time="0.001"/>
  <testcase name="c [Lorg/mortbay/jetty/client/HttpEventListenerWrapper;]" classname="com.googlecode.dex2jar.test.D2jTest" time="0.003"/>
  <testcase name="c [Lorg/mortbay/jetty/client/HttpExchange$1;]" classname="com.googlecode.dex2jar.test.D2jTest" time="0.001"/>
  <testcase name="c [Lorg/mortbay/jetty/client/HttpExchange$CachedExchange;]" classname="com.googlecode.dex2jar.test.D2jTest" time="0.002"/>
  <testcase name="c [Lorg/mortbay/jetty/client/HttpExchange$ContentExchange;]" classname="com.googlecode.dex2jar.test.D2jTest" time="0.001"/>
  <testcase name="c [Lorg/mortbay/jetty/client/HttpExchange$Listener;]" classname="com.googlecode.dex2jar.test.D2jTest" time="0.002"/>
  <testcase name="c [Lorg/mortbay/jetty/client/SelectConnector$Manager$1;]" classname="com.googlecode.dex2jar.test.D2jTest" time="0.002"/>
  <testcase name="c [Lorg/mortbay/jetty/client/SelectConnector$Manager;]" classname="com.googlecode.dex2jar.test.D2jTest" time="0.004"/>
  <testcase name="c [Lorg/mortbay/jetty/client/SelectConnector;]" classname="com.googlecode.dex2jar.test.D2jTest" time="0.003"/>
  <testcase name="c [Lorg/mortbay/jetty/client/SocketConnector$1;]" classname="com.googlecode.dex2jar.test.D2jTest" time="0.002"/>
  <testcase name="c [Lorg/mortbay/jetty/client/SocketConnector;]" classname="com.googlecode.dex2jar.test.D2jTest" time="0.003"/>
  <testcase name="c [Lorg/mortbay/jetty/client/security/Authorization;]" classname="com.googlecode.dex2jar.test.D2jTest" time="0.001"/>
  <testcase name="c [Lorg/mortbay/jetty/client/security/BasicAuthorization;]" classname="com.googlecode.dex2jar.test.D2jTest" time="0.002"/>
  <testcase name="c [Lorg/mortbay/jetty/client/security/DigestAuthorization;]" classname="com.googlecode.dex2jar.test.D2jTest" time="0.005"/>
  <testcase name="c [Lorg/mortbay/jetty/client/security/RealmResolver;]" classname="com.googlecode.dex2jar.test.D2jTest" time="0.001"/>
  <testcase name="c [Lorg/mortbay/jetty/client/security/HashRealmResolver;]" classname="com.googlecode.dex2jar.test.D2jTest" time="0.002"/>
  <testcase name="c [Lorg/mortbay/jetty/client/security/ProxyAuthorization;]" classname="com.googlecode.dex2jar.test.D2jTest" time="0.001"/>
  <testcase name="c [Lorg/mortbay/jetty/client/security/Realm;]" classname="com.googlecode.dex2jar.test.D2jTest" time="0.001"/>
  <testcase name="c [Lorg/mortbay/jetty/client/security/SecurityListener;]" classname="com.googlecode.dex2jar.test.D2jTest" time="0.005"/>
  <testcase name="c [Lorg/mortbay/jetty/client/security/SimpleRealmResolver;]" classname="com.googlecode.dex2jar.test.D2jTest" time="0.002"/>
  <testcase name="c [Lorg/mortbay/jetty/client/webdav/MkcolExchange;]" classname="com.googlecode.dex2jar.test.D2jTest" time="0.002"/>
  <testcase name="c [Lorg/mortbay/jetty/client/webdav/PropfindExchange;]" classname="com.googlecode.dex2jar.test.D2jTest" time="0.002"/>
  <testcase name="c [Lorg/mortbay/jetty/client/webdav/WebdavListener;]" classname="com.googlecode.dex2jar.test.D2jTest" time="0.006"/>
  <testcase name="c [Lorg/mortbay/jetty/client/webdav/WebdavSupportedExchange;]" classname="com.googlecode.dex2jar.test.D2jTest" time="0.002"/>
  <testcase name="c [Lorg/mortbay/jetty/deployer/ConfigurationManager;]" classname="com.googlecode.dex2jar.test.D2jTest" time="0.001"/>
  <testcase name="c [Lorg/mortbay/jetty/deployer/ContextDeployer$1;]" classname="com.googlecode.dex2jar.test.D2jTest" time="0.002"/>
  <testcase name="c [Lorg/mortbay/util/Scanner$Listener;]" classname="com.googlecode.dex2jar.test.D2jTest" time="0.001"/>
  <testcase name="c [Lorg/mortbay/util/Scanner$DiscreteListener;]" classname="com.googlecode.dex2jar.test.D2jTest" time="0.0"/>
  <testcase name="c [Lorg/mortbay/jetty/deployer/ContextDeployer$ScannerListener;]" classname="com.googlecode.dex2jar.test.D2jTest" time="0.002"/>
  <testcase name="c [Lorg/mortbay/jetty/deployer/ContextDeployer;]" classname="com.googlecode.dex2jar.test.D2jTest" time="0.005"/>
  <testcase name="c [Lorg/mortbay/jetty/deployer/FileConfigurationManager;]" classname="com.googlecode.dex2jar.test.D2jTest" time="0.002"/>
  <testcase name="c [Lorg/mortbay/jetty/handler/ContextHandler$SContext;]" classname="com.googlecode.dex2jar.test.D2jTest" time="0.009"/>
  <testcase name="c [Lorg/mortbay/jetty/handler/ContextHandler;]" classname="com.googlecode.dex2jar.test.D2jTest" time="0.025"/>
  <testcase name="c [Lorg/mortbay/jetty/handler/HandlerCollection;]" classname="com.googlecode.dex2jar.test.D2jTest" time="0.006"/>
  <testcase name="c [Lorg/mortbay/jetty/handler/ContextHandlerCollection;]" classname="com.googlecode.dex2jar.test.D2jTest" time="0.007"/>
  <testcase name="c [Lorg/mortbay/jetty/handler/DefaultHandler;]" classname="com.googlecode.dex2jar.test.D2jTest" time="0.005"/>
  <testcase name="c [Lorg/mortbay/jetty/handler/ErrorHandler;]" classname="com.googlecode.dex2jar.test.D2jTest" time="0.004"/>
  <testcase name="c [Lorg/mortbay/jetty/handler/HandlerList;]" classname="com.googlecode.dex2jar.test.D2jTest" time="0.002"/>
  <testcase name="c [Lorg/mortbay/jetty/handler/MovedContextHandler$1;]" classname="com.googlecode.dex2jar.test.D2jTest" time="0.001"/>
  <testcase name="c [Lorg/mortbay/jetty/handler/MovedContextHandler$Redirector;]" classname="com.googlecode.dex2jar.test.D2jTest" time="0.002"/>
  <testcase name="c [Lorg/mortbay/jetty/handler/MovedContextHandler;]" classname="com.googlecode.dex2jar.test.D2jTest" time="0.002"/>
  <testcase name="c [Lorg/mortbay/jetty/handler/RequestLogHandler;]" classname="com.googlecode.dex2jar.test.D2jTest" time="0.002"/>
  <testcase name="c [Lorg/mortbay/jetty/handler/ResourceHandler;]" classname="com.googlecode.dex2jar.test.D2jTest" time="0.006"/>
  <testcase name="c [Lorg/mortbay/jetty/handler/RewriteHandler;]" classname="com.googlecode.dex2jar.test.D2jTest" time="0.003"/>
  <testcase name="c [Lorg/mortbay/jetty/handler/StatisticsHandler;]" classname="com.googlecode.dex2jar.test.D2jTest" time="0.006"/>
  <testcase name="c [Lorg/mortbay/jetty/nio/NIOConnector;]" classname="com.googlecode.dex2jar.test.D2jTest" time="0.001"/>
  <testcase name="c [Lorg/mortbay/jetty/nio/AbstractNIOConnector;]" classname="com.googlecode.dex2jar.test.D2jTest" time="0.005"/>
  <testcase name="c [Lorg/mortbay/jetty/nio/BlockingChannelConnector$Connection;]" classname="com.googlecode.dex2jar.test.D2jTest" time="0.002"/>
  <testcase name="c [Lorg/mortbay/jetty/nio/BlockingChannelConnector;]" classname="com.googlecode.dex2jar.test.D2jTest" time="0.002"/>
  <testcase name="c [Lorg/mortbay/jetty/nio/SelectChannelConnector;]" classname="com.googlecode.dex2jar.test.D2jTest" time="0.004"/>
  <testcase name="c [Lorg/mortbay/jetty/nio/InheritedChannelConnector;]" classname="com.googlecode.dex2jar.test.D2jTest" time="0.003"/>
  <testcase name="c [Lorg/mortbay/jetty/nio/SelectChannelConnector$1;]" classname="com.googlecode.dex2jar.test.D2jTest" time="0.002"/>
  <testcase name="c [Lorg/mortbay/jetty/nio/SelectChannelConnector$ConnectorEndPoint;]" classname="com.googlecode.dex2jar.test.D2jTest" time="0.001"/>
  <testcase name="c [Lorg/mortbay/util/ajax/Continuation;]" classname="com.googlecode.dex2jar.test.D2jTest" time="0.001"/>
  <testcase name="c [Lorg/mortbay/jetty/nio/SelectChannelConnector$RetryContinuation;]" classname="com.googlecode.dex2jar.test.D2jTest" time="0.006"/>
  <testcase name="c [Lorg/mortbay/jetty/security/Authenticator;]" classname="com.googlecode.dex2jar.test.D2jTest" time="0.001"/>
  <testcase name="c [Lorg/mortbay/jetty/security/B64Code;]" classname="com.googlecode.dex2jar.test.D2jTest" time="0.008"/>
  <testcase name="c [Lorg/mortbay/jetty/security/BasicAuthenticator;]" classname="com.googlecode.dex2jar.test.D2jTest" time="0.003"/>
  <testcase name="c [Lorg/mortbay/jetty/security/ClientCertAuthenticator;]" classname="com.googlecode.dex2jar.test.D2jTest" time="0.003"/>
  <testcase name="c [Lorg/mortbay/jetty/security/Constraint;]" classname="com.googlecode.dex2jar.test.D2jTest" time="0.005"/>
  <testcase name="c [Lorg/mortbay/jetty/security/ConstraintMapping;]" classname="com.googlecode.dex2jar.test.D2jTest" time="0.002"/>
  <testcase name="c [Lorg/mortbay/jetty/security/Credential;]" classname="com.googlecode.dex2jar.test.D2jTest" time="0.002"/>
  <testcase name="c [Lorg/mortbay/jetty/security/Credential$Crypt;]" classname="com.googlecode.dex2jar.test.D2jTest" time="0.002"/>
  <testcase name="c [Lorg/mortbay/jetty/security/Credential$MD5;]" classname="com.googlecode.dex2jar.test.D2jTest" time="0.005"/>
  <testcase name="c [Lorg/mortbay/jetty/security/DigestAuthenticator$Digest;]" classname="com.googlecode.dex2jar.test.D2jTest" time="0.004"/>
  <testcase name="c [Lorg/mortbay/jetty/security/DigestAuthenticator;]" classname="com.googlecode.dex2jar.test.D2jTest" time="0.008"/>
  <testcase name="c [Lorg/mortbay/jetty/security/FormAuthenticator$1;]" classname="com.googlecode.dex2jar.test.D2jTest" time="0.001"/>
  <testcase name="c [Lorg/mortbay/jetty/security/FormAuthenticator$FormCredential;]" classname="com.googlecode.dex2jar.test.D2jTest" time="0.004"/>
  <testcase name="c [Lorg/mortbay/jetty/security/FormAuthenticator;]" classname="com.googlecode.dex2jar.test.D2jTest" time="0.007"/>
  <testcase name="c [Lorg/mortbay/jetty/security/HTAccessHandler$DummyPrincipal;]" classname="com.googlecode.dex2jar.test.D2jTest" time="0.002"/>
  <testcase name="c [Lorg/mortbay/jetty/security/HTAccessHandler$HTAccess;]" classname="com.googlecode.dex2jar.test.D2jTest" time="0.018"/>
  <testcase name="c [Lorg/mortbay/jetty/security/SecurityHandler;]" classname="com.googlecode.dex2jar.test.D2jTest" time="0.022"/>
  <testcase name="c [Lorg/mortbay/jetty/security/HTAccessHandler;]" classname="com.googlecode.dex2jar.test.D2jTest" time="0.018"/>
  <testcase name="c [Lorg/mortbay/jetty/security/SSORealm;]" classname="com.googlecode.dex2jar.test.D2jTest" time="0.001"/>
  <testcase name="c [Lorg/mortbay/jetty/security/HashSSORealm;]" classname="com.googlecode.dex2jar.test.D2jTest" time="0.005"/>
  <testcase name="c [Lorg/mortbay/jetty/security/HashUserRealm$1;]" classname="com.googlecode.dex2jar.test.D2jTest" time="0.001"/>
  <testcase name="c [Lorg/mortbay/util/Scanner$BulkListener;]" classname="com.googlecode.dex2jar.test.D2jTest" time="0.001"/>
  <testcase name="c [Lorg/mortbay/jetty/security/HashUserRealm$2;]" classname="com.googlecode.dex2jar.test.D2jTest" time="0.002"/>
  <testcase name="c [Lorg/mortbay/jetty/security/HashUserRealm$User;]" classname="com.googlecode.dex2jar.test.D2jTest" time="0.001"/>
  <testcase name="c [Lorg/mortbay/jetty/security/HashUserRealm$KnownUser;]" classname="com.googlecode.dex2jar.test.D2jTest" time="0.002"/>
  <testcase name="c [Lorg/mortbay/jetty/security/HashUserRealm$WrappedUser;]" classname="com.googlecode.dex2jar.test.D2jTest" time="0.003"/>
  <testcase name="c [Lorg/mortbay/jetty/security/UserRealm;]" classname="com.googlecode.dex2jar.test.D2jTest" time="0.001"/>
  <testcase name="c [Lorg/mortbay/jetty/security/HashUserRealm;]" classname="com.googlecode.dex2jar.test.D2jTest" time="0.007"/>
  <testcase name="c [Lorg/mortbay/jetty/security/JDBCUserRealm;]" classname="com.googlecode.dex2jar.test.D2jTest" time="0.005"/>
  <testcase name="c [Lorg/mortbay/jetty/security/PKCS12Import;]" classname="com.googlecode.dex2jar.test.D2jTest" time="0.003"/>
  <testcase name="c [Lorg/mortbay/jetty/security/Password;]" classname="com.googlecode.dex2jar.test.D2jTest" time="0.006"/>
  <testcase name="c [Lorg/mortbay/jetty/security/SecurityHandler$1;]" classname="com.googlecode.dex2jar.test.D2jTest" time="0.001"/>
  <testcase name="c [Lorg/mortbay/jetty/security/SecurityHandler$2;]" classname="com.googlecode.dex2jar.test.D2jTest" time="0.001"/>
  <testcase name="c [Lorg/mortbay/jetty/security/SecurityHandler$NotChecked;]" classname="com.googlecode.dex2jar.test.D2jTest" time="0.001"/>
  <testcase name="c [Lorg/mortbay/jetty/security/ServletSSL;]" classname="com.googlecode.dex2jar.test.D2jTest" time="0.001"/>
  <testcase name="c [Lorg/mortbay/jetty/security/SslHttpChannelEndPoint$1;]" classname="com.googlecode.dex2jar.test.D2jTest" time="0.002"/>
  <testcase name="c [Lorg/mortbay/jetty/security/SslHttpChannelEndPoint$2;]" classname="com.googlecode.dex2jar.test.D2jTest" time="0.002"/>
  <testcase name="c [Lorg/mortbay/jetty/security/SslHttpChannelEndPoint;]" classname="com.googlecode.dex2jar.test.D2jTest" time="0.025"/>
  <testcase name="c [Lorg/mortbay/jetty/security/SslSelectChannelConnector$CachedInfo;]" classname="com.googlecode.dex2jar.test.D2jTest" time="0.001"/>
  <testcase name="c [Lorg/mortbay/jetty/security/SslSelectChannelConnector;]" classname="com.googlecode.dex2jar.test.D2jTest" time="0.01"/>
  <testcase name="c [Lorg/mortbay/jetty/security/SslSocketConnector$CachedInfo;]" classname="com.googlecode.dex2jar.test.D2jTest" time="0.002"/>
  <testcase name="c [Lorg/mortbay/jetty/security/SslSocketConnector$SslConnection;]" classname="com.googlecode.dex2jar.test.D2jTest" time="0.002"/>
  <testcase name="c [Lorg/mortbay/jetty/security/SslSocketConnector;]" classname="com.googlecode.dex2jar.test.D2jTest" time="0.009"/>
  <testcase name="c [Lorg/mortbay/jetty/security/UnixCrypt;]" classname="com.googlecode.dex2jar.test.D2jTest" time="0.02"/>
  <testcase name="c [Lorg/mortbay/jetty/servlet/AbstractSessionIdManager;]" classname="com.googlecode.dex2jar.test.D2jTest" time="0.006"/>
  <testcase name="c [Lorg/mortbay/jetty/servlet/AbstractSessionManager$1;]" classname="com.googlecode.dex2jar.test.D2jTest" time="0.001"/>
  <testcase name="c [Lorg/mortbay/jetty/servlet/AbstractSessionManager$NullSessionContext;]" classname="com.googlecode.dex2jar.test.D2jTest" time="0.001"/>
  <testcase name="c [Lorg/mortbay/jetty/servlet/AbstractSessionManager$SessionIf;]" classname="com.googlecode.dex2jar.test.D2jTest" time="0.001"/>
  <testcase name="c [Lorg/mortbay/jetty/servlet/AbstractSessionManager$Session;]" classname="com.googlecode.dex2jar.test.D2jTest" time="0.008"/>
  <testcase name="c [Lorg/mortbay/jetty/servlet/AbstractSessionManager;]" classname="com.googlecode.dex2jar.test.D2jTest" time="0.01"/>
  <testcase name="c [Lorg/mortbay/jetty/servlet/Context$SContext;]" classname="com.googlecode.dex2jar.test.D2jTest" time="0.002"/>
  <testcase name="c [Lorg/mortbay/jetty/servlet/Context;]" classname="com.googlecode.dex2jar.test.D2jTest" time="0.005"/>
  <testcase name="c [Lorg/mortbay/jetty/servlet/DefaultServlet$NIOResourceCache;]" classname="com.googlecode.dex2jar.test.D2jTest" time="0.002"/>
  <testcase name="c [Lorg/mortbay/jetty/servlet/DefaultServlet$UnCachedContent;]" classname="com.googlecode.dex2jar.test.D2jTest" time="0.001"/>
  <testcase name="c [Lorg/mortbay/resource/ResourceFactory;]" classname="com.googlecode.dex2jar.test.D2jTest" time="0.001"/>
  <testcase name="c [Lorg/mortbay/jetty/servlet/DefaultServlet;]" classname="com.googlecode.dex2jar.test.D2jTest" time="0.025"/>
  <testcase name="c [Lorg/mortbay/jetty/servlet/Dispatcher$ForwardAttributes;]" classname="com.googlecode.dex2jar.test.D2jTest" time="0.003"/>
  <testcase name="c [Lorg/mortbay/jetty/servlet/Dispatcher$IncludeAttributes;]" classname="com.googlecode.dex2jar.test.D2jTest" time="0.004"/>
  <testcase name="c [Lorg/mortbay/jetty/servlet/Dispatcher;]" classname="com.googlecode.dex2jar.test.D2jTest" time="0.013"/>
  <testcase name="c [Lorg/mortbay/jetty/servlet/ErrorPageErrorHandler$ErrorCodeRange;]" classname="com.googlecode.dex2jar.test.D2jTest" time="0.002"/>
  <testcase name="c [Lorg/mortbay/jetty/servlet/ErrorPageErrorHandler;]" classname="com.googlecode.dex2jar.test.D2jTest" time="0.003"/>
  <testcase name="c [Lorg/mortbay/jetty/servlet/FilterHolder$Config;]" classname="com.googlecode.dex2jar.test.D2jTest" time="0.002"/>
  <testcase name="c [Lorg/mortbay/jetty/servlet/Holder;]" classname="com.googlecode.dex2jar.test.D2jTest" time="0.003"/>
  <testcase name="c [Lorg/mortbay/jetty/servlet/FilterHolder;]" classname="com.googlecode.dex2jar.test.D2jTest" time="0.004"/>
  <testcase name="c [Lorg/mortbay/jetty/servlet/FilterMapping;]" classname="com.googlecode.dex2jar.test.D2jTest" time="0.011"/>
  <testcase name="c [Lorg/mortbay/jetty/servlet/HashSessionIdManager;]" classname="com.googlecode.dex2jar.test.D2jTest" time="0.005"/>
  <testcase name="c [Lorg/mortbay/jetty/servlet/HashSessionManager$1;]" classname="com.googlecode.dex2jar.test.D2jTest" time="0.002"/>
  <testcase name="c [Lorg/mortbay/jetty/servlet/HashSessionManager$2;]" classname="com.googlecode.dex2jar.test.D2jTest" time="0.001"/>
  <testcase name="c [Lorg/mortbay/jetty/servlet/HashSessionManager$ClassLoadingObjectInputStream;]" classname="com.googlecode.dex2jar.test.D2jTest" time="0.001"/>
  <testcase name="c [Lorg/mortbay/jetty/servlet/HashSessionManager$Session;]" classname="com.googlecode.dex2jar.test.D2jTest" time="0.002"/>
  <testcase name="c [Lorg/mortbay/jetty/servlet/HashSessionManager;]" classname="com.googlecode.dex2jar.test.D2jTest" time="0.009"/>
  <testcase name="c [Lorg/mortbay/jetty/servlet/Invoker$Request;]" classname="com.googlecode.dex2jar.test.D2jTest" time="0.003"/>
  <testcase name="c [Lorg/mortbay/jetty/servlet/Invoker;]" classname="com.googlecode.dex2jar.test.D2jTest" time="0.006"/>
  <testcase name="c [Lorg/mortbay/jetty/servlet/PathMap$Entry;]" classname="com.googlecode.dex2jar.test.D2jTest" time="0.002"/>
  <testcase name="c [Lorg/mortbay/jetty/servlet/PathMap;]" classname="com.googlecode.dex2jar.test.D2jTest" time="0.01"/>
  <testcase name="c [Lorg/mortbay/jetty/servlet/ServletHandler$CachedChain;]" classname="com.googlecode.dex2jar.test.D2jTest" time="0.003"/>
  <testcase name="c [Lorg/mortbay/jetty/servlet/ServletHandler$Chain;]" classname="com.googlecode.dex2jar.test.D2jTest" time="0.002"/>
  <testcase name="c [Lorg/mortbay/jetty/servlet/ServletHandler;]" classname="com.googlecode.dex2jar.test.D2jTest" time="0.041"/>
  <testcase name="c [Lorg/mortbay/jetty/servlet/ServletHolder$1;]" classname="com.googlecode.dex2jar.test.D2jTest" time="0.001"/>
  <testcase name="c [Lorg/mortbay/jetty/servlet/ServletHolder$Config;]" classname="com.googlecode.dex2jar.test.D2jTest" time="0.001"/>
  <testcase name="c [Lorg/mortbay/jetty/servlet/ServletHolder$SingleThreadedWrapper;]" classname="com.googlecode.dex2jar.test.D2jTest" time="0.003"/>
  <testcase name="c [Lorg/mortbay/jetty/servlet/ServletHolder;]" classname="com.googlecode.dex2jar.test.D2jTest" time="0.012"/>
  <testcase name="c [Lorg/mortbay/jetty/servlet/ServletMapping;]" classname="com.googlecode.dex2jar.test.D2jTest" time="0.002"/>
  <testcase name="c [Lorg/mortbay/jetty/servlet/SessionHandler;]" classname="com.googlecode.dex2jar.test.D2jTest" time="0.007"/>
  <testcase name="c [Lorg/mortbay/jetty/webapp/JettyWebXmlConfiguration;]" classname="com.googlecode.dex2jar.test.D2jTest" time="0.003"/>
  <testcase name="c [Lorg/mortbay/jetty/webapp/TagLibConfiguration;]" classname="com.googlecode.dex2jar.test.D2jTest" time="0.008"/>
  <testcase name="c [Lorg/mortbay/jetty/webapp/WebAppClassLoader;]" classname="com.googlecode.dex2jar.test.D2jTest" time="0.006"/>
  <testcase name="c [Lorg/mortbay/jetty/webapp/WebAppContext;]" classname="com.googlecode.dex2jar.test.D2jTest" time="0.024"/>
  <testcase name="c [Lorg/mortbay/jetty/webapp/WebXmlConfiguration;]" classname="com.googlecode.dex2jar.test.D2jTest" time="0.021"/>
  <testcase name="c [Lorg/mortbay/log/Log$1;]" classname="com.googlecode.dex2jar.test.D2jTest" time="0.002"/>
  <testcase name="c [Lorg/mortbay/log/Log;]" classname="com.googlecode.dex2jar.test.D2jTest" time="0.005"/>
  <testcase name="c [Lorg/mortbay/log/StdErrLog;]" classname="com.googlecode.dex2jar.test.D2jTest" time="0.005"/>
  <testcase name="c [Lorg/mortbay/proxy/AsyncProxyServlet$1;]" classname="com.googlecode.dex2jar.test.D2jTest" time="0.002"/>
  <testcase name="c [Lorg/mortbay/proxy/AsyncProxyServlet;]" classname="com.googlecode.dex2jar.test.D2jTest" time="0.007"/>
  <testcase name="c [Lorg/mortbay/proxy/AsyncProxyServlet$Transparent;]" classname="com.googlecode.dex2jar.test.D2jTest" time="0.002"/>
  <testcase name="c [Lorg/mortbay/resource/Resource;]" classname="com.googlecode.dex2jar.test.D2jTest" time="0.008"/>
  <testcase name="c [Lorg/mortbay/resource/URLResource;]" classname="com.googlecode.dex2jar.test.D2jTest" time="0.004"/>
  <testcase name="c [Lorg/mortbay/resource/BadResource;]" classname="com.googlecode.dex2jar.test.D2jTest" time="0.003"/>
  <testcase name="c [Lorg/mortbay/resource/FileResource;]" classname="com.googlecode.dex2jar.test.D2jTest" time="0.006"/>
  <testcase name="c [Lorg/mortbay/resource/JarResource;]" classname="com.googlecode.dex2jar.test.D2jTest" time="0.006"/>
  <testcase name="c [Lorg/mortbay/resource/JarFileResource;]" classname="com.googlecode.dex2jar.test.D2jTest" time="0.006"/>
  <testcase name="c [Lorg/mortbay/resource/JarResource$1;]" classname="com.googlecode.dex2jar.test.D2jTest" time="0.002"/>
  <testcase name="c [Lorg/mortbay/resource/ResourceCollection;]" classname="com.googlecode.dex2jar.test.D2jTest" time="0.011"/>
  <testcase name="c [Lorg/mortbay/servlet/CGI$1;]" classname="com.googlecode.dex2jar.test.D2jTest" time="0.002"/>
  <testcase name="c [Lorg/mortbay/servlet/CGI$EnvList;]" classname="com.googlecode.dex2jar.test.D2jTest" time="0.002"/>
  <testcase name="c [Lorg/mortbay/servlet/CGI;]" classname="com.googlecode.dex2jar.test.D2jTest" time="0.014"/>
  <testcase name="c [Lorg/mortbay/servlet/ConcatServlet;]" classname="com.googlecode.dex2jar.test.D2jTest" time="0.003"/>
  <testcase name="c [Lorg/mortbay/servlet/GzipFilter$GZIPResponseWrapper;]" classname="com.googlecode.dex2jar.test.D2jTest" time="0.005"/>
  <testcase name="c [Lorg/mortbay/servlet/GzipFilter$GzipStream;]" classname="com.googlecode.dex2jar.test.D2jTest" time="0.005"/>
  <testcase name="c [Lorg/mortbay/servlet/UserAgentFilter;]" classname="com.googlecode.dex2jar.test.D2jTest" time="0.003"/>
  <testcase name="c [Lorg/mortbay/servlet/GzipFilter;]" classname="com.googlecode.dex2jar.test.D2jTest" time="0.003"/>
  <testcase name="c [Lorg/mortbay/servlet/MultiPartFilter$Wrapper;]" classname="com.googlecode.dex2jar.test.D2jTest" time="0.003"/>
  <testcase name="c [Lorg/mortbay/servlet/MultiPartFilter;]" classname="com.googlecode.dex2jar.test.D2jTest" time="0.018"/>
  <testcase name="c [Lorg/mortbay/servlet/NoJspServlet;]" classname="com.googlecode.dex2jar.test.D2jTest" time="0.002"/>
  <testcase name="c [Lorg/mortbay/servlet/ProxyServlet;]" classname="com.googlecode.dex2jar.test.D2jTest" time="0.015"/>
  <testcase name="c [Lorg/mortbay/servlet/PutFilter;]" classname="com.googlecode.dex2jar.test.D2jTest" time="0.006"/>
  <testcase name="c [Lorg/mortbay/servlet/QoSFilter;]" classname="com.googlecode.dex2jar.test.D2jTest" time="0.008"/>
  <testcase name="c [Lorg/mortbay/servlet/RestFilter;]" classname="com.googlecode.dex2jar.test.D2jTest" time="0.003"/>
  <testcase name="c [Lorg/mortbay/servlet/ThrottlingFilter;]" classname="com.googlecode.dex2jar.test.D2jTest" time="0.004"/>
  <testcase name="c [Lorg/mortbay/servlet/WelcomeFilter;]" classname="com.googlecode.dex2jar.test.D2jTest" time="0.002"/>
  <testcase name="c [Lorg/mortbay/servlet/jetty/IncludableGzipFilter$IncludableGzipStream;]" classname="com.googlecode.dex2jar.test.D2jTest" time="0.001"/>
  <testcase name="c [Lorg/mortbay/servlet/jetty/IncludableGzipFilter$IncludableResponseWrapper;]" classname="com.googlecode.dex2jar.test.D2jTest" time="0.001"/>
  <testcase name="c [Lorg/mortbay/servlet/jetty/IncludableGzipFilter;]" classname="com.googlecode.dex2jar.test.D2jTest" time="0.001"/>
  <testcase name="c [Lorg/mortbay/thread/BoundedThreadPool$PoolThread;]" classname="com.googlecode.dex2jar.test.D2jTest" time="0.005"/>
  <testcase name="c [Lorg/mortbay/thread/ThreadPool;]" classname="com.googlecode.dex2jar.test.D2jTest" time="0.001"/>
  <testcase name="c [Lorg/mortbay/thread/BoundedThreadPool;]" classname="com.googlecode.dex2jar.test.D2jTest" time="0.006"/>
  <testcase name="c [Lorg/mortbay/thread/QueuedThreadPool$1;]" classname="com.googlecode.dex2jar.test.D2jTest" time="0.001"/>
  <testcase name="c [Lorg/mortbay/thread/QueuedThreadPool$Lock;]" classname="com.googlecode.dex2jar.test.D2jTest" time="0.001"/>
  <testcase name="c [Lorg/mortbay/thread/QueuedThreadPool$PoolThread;]" classname="com.googlecode.dex2jar.test.D2jTest" time="0.005"/>
  <testcase name="c [Lorg/mortbay/thread/QueuedThreadPool;]" classname="com.googlecode.dex2jar.test.D2jTest" time="0.008"/>
  <testcase name="c [Lorg/mortbay/thread/Timeout;]" classname="com.googlecode.dex2jar.test.D2jTest" time="0.006"/>
  <testcase name="c [Lorg/mortbay/util/ArrayQueue;]" classname="com.googlecode.dex2jar.test.D2jTest" time="0.008"/>
  <testcase name="c [Lorg/mortbay/util/AttributesMap;]" classname="com.googlecode.dex2jar.test.D2jTest" time="0.003"/>
  <testcase name="c [Lorg/mortbay/util/ByteArrayISO8859Writer;]" classname="com.googlecode.dex2jar.test.D2jTest" time="0.006"/>
  <testcase name="c [Lorg/mortbay/util/ByteArrayOutputStream2;]" classname="com.googlecode.dex2jar.test.D2jTest" time="0.003"/>
  <testcase name="c [Lorg/mortbay/util/IO$1;]" classname="com.googlecode.dex2jar.test.D2jTest" time="0.001"/>
  <testcase name="c [Lorg/mortbay/util/IO$ClosedIS;]" classname="com.googlecode.dex2jar.test.D2jTest" time="0.001"/>
  <testcase name="c [Lorg/mortbay/util/IO$Job;]" classname="com.googlecode.dex2jar.test.D2jTest" time="0.001"/>
  <testcase name="c [Lorg/mortbay/util/IO$NullOS;]" classname="com.googlecode.dex2jar.test.D2jTest" time="0.001"/>
  <testcase name="c [Lorg/mortbay/util/IO$NullWrite;]" classname="com.googlecode.dex2jar.test.D2jTest" time="0.001"/>
  <testcase name="c [Lorg/mortbay/util/IO$Singleton;]" classname="com.googlecode.dex2jar.test.D2jTest" time="0.002"/>
  <testcase name="c [Lorg/mortbay/util/IO;]" classname="com.googlecode.dex2jar.test.D2jTest" time="0.005"/>
  <testcase name="c [Lorg/mortbay/util/IntrospectionUtil;]" classname="com.googlecode.dex2jar.test.D2jTest" time="0.008"/>
  <testcase name="c [Lorg/mortbay/util/LazyList;]" classname="com.googlecode.dex2jar.test.D2jTest" time="0.007"/>
  <testcase name="c [Lorg/mortbay/util/Loader;]" classname="com.googlecode.dex2jar.test.D2jTest" time="0.005"/>
  <testcase name="c [Lorg/mortbay/util/MultiException;]" classname="com.googlecode.dex2jar.test.D2jTest" time="0.003"/>
  <testcase name="c [Lorg/mortbay/util/MultiMap;]" classname="com.googlecode.dex2jar.test.D2jTest" time="0.004"/>
  <testcase name="c [Lorg/mortbay/util/MultiPartOutputStream;]" classname="com.googlecode.dex2jar.test.D2jTest" time="0.004"/>
  <testcase name="c [Lorg/mortbay/util/MultiPartWriter;]" classname="com.googlecode.dex2jar.test.D2jTest" time="0.002"/>
  <testcase name="c [Lorg/mortbay/util/QuotedStringTokenizer;]" classname="com.googlecode.dex2jar.test.D2jTest" time="0.01"/>
  <testcase name="c [Lorg/mortbay/util/RolloverFileOutputStream$1;]" classname="com.googlecode.dex2jar.test.D2jTest" time="0.001"/>
  <testcase name="c [Lorg/mortbay/util/RolloverFileOutputStream$RollTask;]" classname="com.googlecode.dex2jar.test.D2jTest" time="0.001"/>
  <testcase name="c [Lorg/mortbay/util/RolloverFileOutputStream;]" classname="com.googlecode.dex2jar.test.D2jTest" time="0.005"/>
  <testcase name="c [Lorg/mortbay/util/Scanner$1;]" classname="com.googlecode.dex2jar.test.D2jTest" time="0.001"/>
  <testcase name="c [Lorg/mortbay/util/Scanner;]" classname="com.googlecode.dex2jar.test.D2jTest" time="0.006"/>
  <testcase name="c [Lorg/mortbay/util/SingletonList$SIterator;]" classname="com.googlecode.dex2jar.test.D2jTest" time="0.004"/>
  <testcase name="c [Lorg/mortbay/util/SingletonList;]" classname="com.googlecode.dex2jar.test.D2jTest" time="0.002"/>
  <testcase name="c [Lorg/mortbay/util/StringMap$1;]" classname="com.googlecode.dex2jar.test.D2jTest" time="0.001"/>
  <testcase name="c [Lorg/mortbay/util/StringMap$Node;]" classname="com.googlecode.dex2jar.test.D2jTest" time="0.003"/>
  <testcase name="c [Lorg/mortbay/util/StringMap$NullEntry;]" classname="com.googlecode.dex2jar.test.D2jTest" time="0.002"/>
  <testcase name="c [Lorg/mortbay/util/StringMap;]" classname="com.googlecode.dex2jar.test.D2jTest" time="0.01"/>
  <testcase name="c [Lorg/mortbay/util/StringUtil;]" classname="com.googlecode.dex2jar.test.D2jTest" time="0.007"/>
  <testcase name="c [Lorg/mortbay/util/TypeUtil;]" classname="com.googlecode.dex2jar.test.D2jTest" time="0.013"/>
  <testcase name="c [Lorg/mortbay/util/URIUtil;]" classname="com.googlecode.dex2jar.test.D2jTest" time="0.018"/>
  <testcase name="c [Lorg/mortbay/util/UrlEncoded;]" classname="com.googlecode.dex2jar.test.D2jTest" time="0.024"/>
  <testcase name="c [Lorg/mortbay/util/Utf8StringBuffer;]" classname="com.googlecode.dex2jar.test.D2jTest" time="0.003"/>
  <testcase name="c [Lorg/mortbay/util/ajax/AjaxFilter$1;]" classname="com.googlecode.dex2jar.test.D2jTest" time="0.001"/>
  <testcase name="c [Lorg/mortbay/util/ajax/AjaxFilter$AjaxResponse;]" classname="com.googlecode.dex2jar.test.D2jTest" time="0.002"/>
  <testcase name="c [Lorg/mortbay/util/ajax/AjaxFilter;]" classname="com.googlecode.dex2jar.test.D2jTest" time="0.003"/>
  <testcase name="c [Lorg/mortbay/util/ajax/ContinuationSupport;]" classname="com.googlecode.dex2jar.test.D2jTest" time="0.002"/>
  <testcase name="c [Lorg/mortbay/util/ajax/JSON$Convertible;]" classname="com.googlecode.dex2jar.test.D2jTest" time="0.0"/>
  <testcase name="c [Lorg/mortbay/util/ajax/JSON$1;]" classname="com.googlecode.dex2jar.test.D2jTest" time="0.001"/>
  <testcase name="c [Lorg/mortbay/util/ajax/JSON$Output;]" classname="com.googlecode.dex2jar.test.D2jTest" time="0.0"/>
  <testcase name="c [Lorg/mortbay/util/ajax/JSON$2;]" classname="com.googlecode.dex2jar.test.D2jTest" time="0.003"/>
  <testcase name="c [Lorg/mortbay/util/ajax/JSON$Convertor;]" classname="com.googlecode.dex2jar.test.D2jTest" time="0.001"/>
  <testcase name="c [Lorg/mortbay/util/ajax/JSON$Generator;]" classname="com.googlecode.dex2jar.test.D2jTest" time="0.001"/>
  <testcase name="c [Lorg/mortbay/util/ajax/JSON$Literal;]" classname="com.googlecode.dex2jar.test.D2jTest" time="0.001"/>
  <testcase name="c [Lorg/mortbay/util/ajax/JSON$Source;]" classname="com.googlecode.dex2jar.test.D2jTest" time="0.001"/>
  <testcase name="c [Lorg/mortbay/util/ajax/JSON$ReaderSource;]" classname="com.googlecode.dex2jar.test.D2jTest" time="0.002"/>
  <testcase name="c [Lorg/mortbay/util/ajax/JSON$StringSource;]" classname="com.googlecode.dex2jar.test.D2jTest" time="0.003"/>
  <testcase name="c [Lorg/mortbay/util/ajax/JSON;]" classname="com.googlecode.dex2jar.test.D2jTest" time="0.016"/>
  <testcase name="c [Lorg/mortbay/util/ajax/JSONDateConvertor;]" classname="com.googlecode.dex2jar.test.D2jTest" time="0.003"/>
  <testcase name="c [Lorg/mortbay/util/ajax/JSONEnumConvertor;]" classname="com.googlecode.dex2jar.test.D2jTest" time="0.002"/>
  <testcase name="c [Lorg/mortbay/util/ajax/JSONObjectConvertor;]" classname="com.googlecode.dex2jar.test.D2jTest" time="0.003"/>
  <testcase name="c [Lorg/mortbay/util/ajax/JSONPojoConvertor$NumberType;]" classname="com.googlecode.dex2jar.test.D2jTest" time="0.0"/>
  <testcase name="c [Lorg/mortbay/util/ajax/JSONPojoConvertor$1;]" classname="com.googlecode.dex2jar.test.D2jTest" time="0.001"/>
  <testcase name="c [Lorg/mortbay/util/ajax/JSONPojoConvertor$2;]" classname="com.googlecode.dex2jar.test.D2jTest" time="0.001"/>
  <testcase name="c [Lorg/mortbay/util/ajax/JSONPojoConvertor$3;]" classname="com.googlecode.dex2jar.test.D2jTest" time="0.0"/>
  <testcase name="c [Lorg/mortbay/util/ajax/JSONPojoConvertor$4;]" classname="com.googlecode.dex2jar.test.D2jTest" time="0.001"/>
  <testcase name="c [Lorg/mortbay/util/ajax/JSONPojoConvertor$5;]" classname="com.googlecode.dex2jar.test.D2jTest" time="0.001"/>
  <testcase name="c [Lorg/mortbay/util/ajax/JSONPojoConvertor$Setter;]" classname="com.googlecode.dex2jar.test.D2jTest" time="0.003"/>
  <testcase name="c [Lorg/mortbay/util/ajax/JSONPojoConvertor;]" classname="com.googlecode.dex2jar.test.D2jTest" time="0.007"/>
  <testcase name="c [Lorg/mortbay/util/ajax/WaitingContinuation;]" classname="com.googlecode.dex2jar.test.D2jTest" time="0.004"/>
  <testcase name="c [Lorg/mortbay/xml/XmlConfiguration;]" classname="com.googlecode.dex2jar.test.D2jTest" time="0.029"/>
  <testcase name="c [Lorg/mortbay/xml/XmlParser$Attribute;]" classname="com.googlecode.dex2jar.test.D2jTest" time="0.001"/>
  <testcase name="c [Lorg/mortbay/xml/XmlParser$Handler;]" classname="com.googlecode.dex2jar.test.D2jTest" time="0.006"/>
  <testcase name="c [Lorg/mortbay/xml/XmlParser$Node$1;]" classname="com.googlecode.dex2jar.test.D2jTest" time="0.003"/>
  <testcase name="c [Lorg/mortbay/xml/XmlParser$Node;]" classname="com.googlecode.dex2jar.test.D2jTest" time="0.005"/>
  <testcase name="c [Lorg/mortbay/xml/XmlParser$NoopHandler;]" classname="com.googlecode.dex2jar.test.D2jTest" time="0.001"/>
  <testcase name="c [Lorg/mortbay/xml/XmlParser;]" classname="com.googlecode.dex2jar.test.D2jTest" time="0.004"/>
  <system-out><![CDATA[]]></system-out>
  <system-err><![CDATA[]]></system-err>
</testsuite>
