<?xml version="1.0" encoding="UTF-8"?>
<testsuite name="dex2jar.gen.FTPClient__parsePassiveModeReply" tests="1" skipped="0" failures="0" errors="0" timestamp="2024-07-12T11:48:43" hostname="LAPTOP-KUQPBOFG" time="0.002">
  <properties/>
  <testcase name="m003___parsePassiveModeReply" classname="dex2jar.gen.FTPClient__parsePassiveModeReply" time="0.002"/>
  <system-out><![CDATA[]]></system-out>
  <system-err><![CDATA[]]></system-err>
</testsuite>
