<?xml version="1.0" encoding="UTF-8"?>
<testsuite name="com.googlecode.dex2jar.test.ZeroTest" tests="1" skipped="0" failures="0" errors="0" timestamp="2024-07-12T10:40:31" hostname="LAPTOP-KUQPBOFG" time="0.001">
  <properties/>
  <testcase name="testZero" classname="com.googlecode.dex2jar.test.ZeroTest" time="0.001"/>
  <system-out><![CDATA[]]></system-out>
  <system-err><![CDATA[]]></system-err>
</testsuite>
