<?xml version="1.0" encoding="UTF-8"?>
<testsuite name="com.googlecode.dex2jar.test.AutoCastTest" tests="1" skipped="0" failures="0" errors="0" timestamp="2024-07-12T10:40:26" hostname="LAPTOP-KUQPBOFG" time="0.006">
  <properties/>
  <testcase name="test" classname="com.googlecode.dex2jar.test.AutoCastTest" time="0.006"/>
  <system-out><![CDATA[]]></system-out>
  <system-err><![CDATA[]]></system-err>
</testsuite>
