<?xml version="1.0" encoding="UTF-8"?>
<testsuite name="a.SmaliTest" tests="2" skipped="0" failures="0" errors="0" timestamp="2024-07-12T11:48:24" hostname="LAPTOP-KUQPBOFG" time="2.539">
  <properties/>
  <testcase name="test" classname="a.SmaliTest" time="0.008"/>
  <testcase name="test2" classname="a.SmaliTest" time="2.531"/>
  <system-out><![CDATA[.class public La;
.super Ljava/lang/Object;
.implements Lj;
.implements Lq;
.source "aa\u1234a"

.field private a:Ljava/lang/String; = NaND

.field private a:Ljava/lang/String; = NaNF

.field private a:Ljava/lang/String; = NaND

.field private a:Ljava/lang/String; = NaND

.field private a:Ljava/lang/String; = -InfinityF

.field private a:Ljava/lang/String; = InfinityF

.field private a:Ljava/lang/String; = -InfinityD

.field private a:Ljava/lang/String; = InfinityD

.field private a:Ljava/lang/String; = -InfinityD

.field private a:Ljava/lang/String; = InfinityD

.field private a:Ljava/lang/String; = NaND

.field private a:Ljava/lang/String; = NaNF

.field private a:Ljava/lang/String; = NaND

.field private a:Ljava/lang/String; = 0.2D

.field private a:Ljava/lang/String; = 0.2F

.field private a:Ljava/lang/String; = 1

.field private a:Ljava/lang/String; = 1

.field private a:Ljava/lang/String; = -1

.field private a:Ljava/lang/String; = 0

.field private a:Ljava/lang/String; = 1

.field private a:Ljava/lang/String; = 123

.field private a:Ljava/lang/String; = 123t

.field private a:Ljava/lang/String; = 123S

.field private a:Ljava/lang/String; = 123.0F

.field private a:Ljava/lang/String; = 123.0D

.field private a:Ljava/lang/String; = .enum La;->d:I

.field private a:Ljava/lang/String; = 't'

.field private a:Ljava/lang/String; = '\t'

.field private a:Ljava/lang/String; = '\u1234'

.field private a:Ljava/lang/String; = true

.field private a:Ljava/lang/String; = 2147483647
  .annotation system La;
  .end annotation
.end field

.method public I(II)V
  .parameter "AAAA" # I
    .annotation system La;
    .end annotation
  .end parameter
  .locals 1
  .local p1, "a":I
  .local p1, "a":I
  .local p1, "a":I
  .end local p1
  .restart local p1
.end method

.method private static([Z)V
.end method

.method private static([Z)V
.end method

.method private static([Z)V
.end method
dex038.dex
Ldex038;
dex039.dex
Ldex039;
dex040.dex
i_jetty.dex
Ljavax/servlet/Filter;
Ljavax/servlet/FilterChain;
Ljavax/servlet/FilterConfig;
Ljavax/servlet/Servlet;
Ljavax/servlet/ServletConfig;
Ljavax/servlet/GenericServlet;
Ljavax/servlet/RequestDispatcher;
Ljavax/servlet/ServletContext;
Ljavax/servlet/ServletContextEvent;
Ljavax/servlet/ServletContextAttributeEvent;
Ljavax/servlet/ServletContextAttributeListener;
Ljavax/servlet/ServletContextListener;
Ljavax/servlet/ServletException;
Ljavax/servlet/ServletInputStream;
Ljavax/servlet/ServletOutputStream;
Ljavax/servlet/ServletRequest;
Ljavax/servlet/ServletRequestEvent;
Ljavax/servlet/ServletRequestAttributeEvent;
Ljavax/servlet/ServletRequestAttributeListener;
Ljavax/servlet/ServletRequestListener;
Ljavax/servlet/ServletRequestWrapper;
Ljavax/servlet/ServletResponse;
Ljavax/servlet/ServletResponseWrapper;
Ljavax/servlet/SingleThreadModel;
Ljavax/servlet/UnavailableException;
Ljavax/servlet/http/Cookie;
Ljavax/servlet/http/HttpServlet;
Ljavax/servlet/http/HttpServletRequest;
Ljavax/servlet/http/HttpServletRequestWrapper;
Ljavax/servlet/http/HttpServletResponse;
Ljavax/servlet/http/HttpServletResponseWrapper;
Ljavax/servlet/http/HttpSession;
Ljavax/servlet/http/HttpSessionActivationListener;
Ljavax/servlet/http/HttpSessionAttributeListener;
Ljavax/servlet/http/HttpSessionEvent;
Ljavax/servlet/http/HttpSessionBindingEvent;
Ljavax/servlet/http/HttpSessionBindingListener;
Ljavax/servlet/http/HttpSessionContext;
Ljavax/servlet/http/HttpSessionListener;
Ljavax/servlet/http/HttpUtils;
Ljavax/servlet/http/NoBodyOutputStream;
Ljavax/servlet/http/NoBodyResponse;
Lorg/mortbay/component/LifeCycle;
Lorg/mortbay/component/AbstractLifeCycle;
Lorg/mortbay/component/Container$1;
Lorg/mortbay/component/Container$Listener;
Lorg/mortbay/component/Container$Relationship;
Lorg/mortbay/component/Container;
Lorg/mortbay/component/LifeCycle$Listener;
Lorg/mortbay/ijetty/AndroidClassLoader;
Lorg/mortbay/log/Logger;
Lorg/mortbay/ijetty/AndroidLog;
Lorg/mortbay/jetty/deployer/WebAppDeployer;
Lorg/mortbay/ijetty/AndroidWebAppDeployer;
Lorg/mortbay/jetty/webapp/Configuration;
Lorg/mortbay/jetty/webapp/WebInfConfiguration;
Lorg/mortbay/ijetty/AndroidWebInfConfiguration;
Lorg/mortbay/ijetty/IJetty$1;
Lorg/mortbay/ijetty/IJetty$2;
Lorg/mortbay/ijetty/IJetty$3;
Lorg/mortbay/ijetty/IJetty$4;
Lorg/mortbay/ijetty/IJetty$IPList;
Lorg/mortbay/ijetty/IJetty$NetworkListAdapter;
Lorg/mortbay/ijetty/IJetty;
Lorg/mortbay/ijetty/IJettyDownloader$1;
Lorg/mortbay/ijetty/IJettyDownloader$2;
Lorg/mortbay/ijetty/IJettyDownloader$3;
Lorg/mortbay/ijetty/IJettyDownloader$4;
Lorg/mortbay/ijetty/IJettyDownloader$5;
Lorg/mortbay/jetty/client/HttpExchange;
Lorg/mortbay/jetty/client/CachedExchange;
Lorg/mortbay/jetty/client/ContentExchange;
Lorg/mortbay/ijetty/IJettyDownloader$6;
Lorg/mortbay/ijetty/IJettyDownloader;
Lorg/mortbay/ijetty/IJettyEditor;
Lorg/mortbay/ijetty/IJettyService;
Lorg/mortbay/ijetty/Installer;
Lorg/mortbay/ijetty/R$attr;
Lorg/mortbay/ijetty/R$drawable;
Lorg/mortbay/ijetty/R$id;
Lorg/mortbay/ijetty/R$layout;
Lorg/mortbay/ijetty/R$raw;
Lorg/mortbay/ijetty/R$string;
Lorg/mortbay/ijetty/R$xml;
Lorg/mortbay/ijetty/R;
Lorg/mortbay/ijetty/console/AbstractContactsServlet;
Lorg/mortbay/ijetty/console/CallLogServlet;
Lorg/mortbay/ijetty/console/DatabaseCollection;
Lorg/mortbay/ijetty/console/ContactMethod$ContactMethodsCollection;
Lorg/mortbay/ijetty/console/ContactMethod;
Lorg/mortbay/ijetty/console/ContactsHTMLServlet$__INFO_TYPE;
Lorg/mortbay/ijetty/console/ContactsHTMLServlet;
Lorg/mortbay/ijetty/console/ContactsJSONServlet;
Lorg/mortbay/ijetty/console/HTMLHelper;
Lorg/mortbay/ijetty/console/IPServlet;
Lorg/mortbay/ijetty/console/MediaBrowserServlet;
Lorg/mortbay/ijetty/console/Phone$PhoneCollection;
Lorg/mortbay/ijetty/console/Phone;
Lorg/mortbay/ijetty/console/SettingsServlet;
Lorg/mortbay/ijetty/console/User$UserCollection;
Lorg/mortbay/ijetty/console/User;
Lorg/mortbay/ijetty/resource/AndroidResource;
Lorg/mortbay/ijetty/resource/AndroidFileResource;
Lorg/mortbay/ijetty/servlet/DefaultServlet;
Lorg/mortbay/io/Buffer;
Lorg/mortbay/io/AbstractBuffer;
Lorg/mortbay/io/Buffer$CaseInsensitve;
Lorg/mortbay/io/ByteArrayBuffer;
Lorg/mortbay/io/ByteArrayBuffer$CaseInsensitive;
Lorg/mortbay/io/BufferCache$CachedBuffer;
Lorg/mortbay/io/BufferCache;
Lorg/mortbay/util/DateCache;
Lorg/mortbay/io/BufferDateCache;
Lorg/mortbay/io/BufferUtil;
Lorg/mortbay/io/Buffers;
Lorg/mortbay/io/EndPoint;
Lorg/mortbay/io/ByteArrayEndPoint;
Lorg/mortbay/io/Connection;
Lorg/mortbay/io/Portable;
Lorg/mortbay/io/SimpleBuffers;
Lorg/mortbay/io/View;
Lorg/mortbay/io/View$CaseInsensitive;
Lorg/mortbay/io/WriterOutputStream;
Lorg/mortbay/io/bio/StreamEndPoint;
Lorg/mortbay/io/bio/SocketEndPoint;
Lorg/mortbay/io/bio/StringEndPoint;
Lorg/mortbay/io/nio/ChannelEndPoint;
Lorg/mortbay/io/nio/NIOBuffer;
Lorg/mortbay/io/nio/DirectNIOBuffer;
Lorg/mortbay/io/nio/IndirectNIOBuffer;
Lorg/mortbay/thread/Timeout$Task;
Lorg/mortbay/io/nio/SelectChannelEndPoint$IdleTask;
Lorg/mortbay/io/nio/SelectChannelEndPoint;
Lorg/mortbay/io/nio/SelectorManager$SelectSet;
Lorg/mortbay/io/nio/SelectorManager;
Lorg/mortbay/jetty/AbstractBuffers$1;
Lorg/mortbay/jetty/AbstractBuffers$ThreadBuffers;
Lorg/mortbay/jetty/AbstractBuffers;
Lorg/mortbay/jetty/AbstractConnector$Acceptor;
Lorg/mortbay/jetty/Connector;
Lorg/mortbay/jetty/AbstractConnector;
Lorg/mortbay/jetty/AbstractGenerator$Output;
Lorg/mortbay/jetty/AbstractGenerator$OutputWriter;
Lorg/mortbay/jetty/Generator;
Lorg/mortbay/jetty/AbstractGenerator;
Lorg/mortbay/jetty/HttpURI;
Lorg/mortbay/jetty/EncodedHttpURI;
Lorg/mortbay/jetty/EofException;
Lorg/mortbay/jetty/Handler;
Lorg/mortbay/jetty/HandlerContainer;
Lorg/mortbay/jetty/HttpConnection$1;
Lorg/mortbay/jetty/HttpConnection$Output;
Lorg/mortbay/jetty/HttpConnection$OutputWriter;
Lorg/mortbay/jetty/HttpParser$EventHandler;
Lorg/mortbay/jetty/HttpConnection$RequestHandler;
Lorg/mortbay/jetty/HttpConnection;
Lorg/mortbay/jetty/HttpContent;
Lorg/mortbay/jetty/HttpException;
Lorg/mortbay/jetty/HttpFields$1;
Lorg/mortbay/jetty/HttpFields$2;
Lorg/mortbay/jetty/HttpFields$3;
Lorg/mortbay/jetty/HttpFields$4;
Lorg/mortbay/jetty/HttpFields$5;
Lorg/mortbay/jetty/HttpFields$Field;
Lorg/mortbay/jetty/HttpFields;
Lorg/mortbay/jetty/HttpGenerator;
Lorg/mortbay/jetty/HttpHeaderValues;
Lorg/mortbay/jetty/HttpHeaders;
Lorg/mortbay/jetty/HttpMethods;
Lorg/mortbay/jetty/HttpOnlyCookie;
Lorg/mortbay/jetty/HttpParser$Input;
Lorg/mortbay/jetty/Parser;
Lorg/mortbay/jetty/HttpParser;
Lorg/mortbay/jetty/HttpSchemes;
Lorg/mortbay/jetty/HttpStatus;
Lorg/mortbay/jetty/HttpTokens;
Lorg/mortbay/jetty/HttpVersions;
Lorg/mortbay/jetty/InclusiveByteRange;
Lorg/mortbay/jetty/LocalConnector;
Lorg/mortbay/jetty/Main;
Lorg/mortbay/jetty/MimeTypes;
Lorg/mortbay/jetty/RequestLog;
Lorg/mortbay/jetty/NCSARequestLog;
Lorg/mortbay/jetty/Request$1;
Lorg/mortbay/jetty/Request;
Lorg/mortbay/jetty/ResourceCache$Content;
Lorg/mortbay/jetty/ResourceCache;
Lorg/mortbay/jetty/Response$1;
Lorg/mortbay/jetty/Response$NullOutput;
Lorg/mortbay/jetty/Response;
Lorg/mortbay/jetty/RetryRequest;
Lorg/mortbay/jetty/Server$1;
Lorg/mortbay/jetty/Server$Graceful;
Lorg/mortbay/jetty/Server$ShutdownHookThread;
Lorg/mortbay/jetty/handler/AbstractHandler;
Lorg/mortbay/jetty/handler/AbstractHandlerContainer;
Lorg/mortbay/jetty/handler/HandlerWrapper;
Lorg/mortbay/util/Attributes;
Lorg/mortbay/jetty/Server;
Lorg/mortbay/jetty/SessionIdManager;
Lorg/mortbay/jetty/SessionManager;
Lorg/mortbay/jetty/bio/SocketConnector$Connection;
Lorg/mortbay/jetty/bio/SocketConnector;
Lorg/mortbay/jetty/client/Address;
Lorg/mortbay/jetty/client/HttpClient$1;
Lorg/mortbay/jetty/client/HttpClient$2;
Lorg/mortbay/jetty/client/HttpClient$3;
Lorg/mortbay/jetty/client/HttpClient$Connector;
Lorg/mortbay/jetty/client/HttpClient;
Lorg/mortbay/jetty/client/HttpConnection$1;
Lorg/mortbay/jetty/client/HttpConnection$Handler;
Lorg/mortbay/jetty/client/HttpConnection;
Lorg/mortbay/jetty/client/HttpDestination;
Lorg/mortbay/jetty/client/HttpEventListener;
Lorg/mortbay/jetty/client/HttpEventListenerWrapper;
Lorg/mortbay/jetty/client/HttpExchange$1;
Lorg/mortbay/jetty/client/HttpExchange$CachedExchange;
Lorg/mortbay/jetty/client/HttpExchange$ContentExchange;
Lorg/mortbay/jetty/client/HttpExchange$Listener;
Lorg/mortbay/jetty/client/SelectConnector$Manager$1;
Lorg/mortbay/jetty/client/SelectConnector$Manager;
Lorg/mortbay/jetty/client/SelectConnector;
Lorg/mortbay/jetty/client/SocketConnector$1;
Lorg/mortbay/jetty/client/SocketConnector;
Lorg/mortbay/jetty/client/security/Authorization;
Lorg/mortbay/jetty/client/security/BasicAuthorization;
Lorg/mortbay/jetty/client/security/DigestAuthorization;
Lorg/mortbay/jetty/client/security/RealmResolver;
Lorg/mortbay/jetty/client/security/HashRealmResolver;
Lorg/mortbay/jetty/client/security/ProxyAuthorization;
Lorg/mortbay/jetty/client/security/Realm;
Lorg/mortbay/jetty/client/security/SecurityListener;
Lorg/mortbay/jetty/client/security/SimpleRealmResolver;
Lorg/mortbay/jetty/client/webdav/MkcolExchange;
Lorg/mortbay/jetty/client/webdav/PropfindExchange;
Lorg/mortbay/jetty/client/webdav/WebdavListener;
Lorg/mortbay/jetty/client/webdav/WebdavSupportedExchange;
Lorg/mortbay/jetty/deployer/ConfigurationManager;
Lorg/mortbay/jetty/deployer/ContextDeployer$1;
Lorg/mortbay/util/Scanner$Listener;
Lorg/mortbay/util/Scanner$DiscreteListener;
Lorg/mortbay/jetty/deployer/ContextDeployer$ScannerListener;
Lorg/mortbay/jetty/deployer/ContextDeployer;
Lorg/mortbay/jetty/deployer/FileConfigurationManager;
Lorg/mortbay/jetty/handler/ContextHandler$SContext;
Lorg/mortbay/jetty/handler/ContextHandler;
Lorg/mortbay/jetty/handler/HandlerCollection;
Lorg/mortbay/jetty/handler/ContextHandlerCollection;
Lorg/mortbay/jetty/handler/DefaultHandler;
Lorg/mortbay/jetty/handler/ErrorHandler;
Lorg/mortbay/jetty/handler/HandlerList;
Lorg/mortbay/jetty/handler/MovedContextHandler$1;
Lorg/mortbay/jetty/handler/MovedContextHandler$Redirector;
Lorg/mortbay/jetty/handler/MovedContextHandler;
Lorg/mortbay/jetty/handler/RequestLogHandler;
Lorg/mortbay/jetty/handler/ResourceHandler;
Lorg/mortbay/jetty/handler/RewriteHandler;
Lorg/mortbay/jetty/handler/StatisticsHandler;
Lorg/mortbay/jetty/nio/NIOConnector;
Lorg/mortbay/jetty/nio/AbstractNIOConnector;
Lorg/mortbay/jetty/nio/BlockingChannelConnector$Connection;
Lorg/mortbay/jetty/nio/BlockingChannelConnector;
Lorg/mortbay/jetty/nio/SelectChannelConnector;
Lorg/mortbay/jetty/nio/InheritedChannelConnector;
Lorg/mortbay/jetty/nio/SelectChannelConnector$1;
Lorg/mortbay/jetty/nio/SelectChannelConnector$ConnectorEndPoint;
Lorg/mortbay/util/ajax/Continuation;
Lorg/mortbay/jetty/nio/SelectChannelConnector$RetryContinuation;
Lorg/mortbay/jetty/security/Authenticator;
Lorg/mortbay/jetty/security/B64Code;
Lorg/mortbay/jetty/security/BasicAuthenticator;
Lorg/mortbay/jetty/security/ClientCertAuthenticator;
Lorg/mortbay/jetty/security/Constraint;
Lorg/mortbay/jetty/security/ConstraintMapping;
Lorg/mortbay/jetty/security/Credential;
Lorg/mortbay/jetty/security/Credential$Crypt;
Lorg/mortbay/jetty/security/Credential$MD5;
Lorg/mortbay/jetty/security/DigestAuthenticator$Digest;
Lorg/mortbay/jetty/security/DigestAuthenticator;
Lorg/mortbay/jetty/security/FormAuthenticator$1;
Lorg/mortbay/jetty/security/FormAuthenticator$FormCredential;
Lorg/mortbay/jetty/security/FormAuthenticator;
Lorg/mortbay/jetty/security/HTAccessHandler$DummyPrincipal;
Lorg/mortbay/jetty/security/HTAccessHandler$HTAccess;
Lorg/mortbay/jetty/security/SecurityHandler;
Lorg/mortbay/jetty/security/HTAccessHandler;
Lorg/mortbay/jetty/security/SSORealm;
Lorg/mortbay/jetty/security/HashSSORealm;
Lorg/mortbay/jetty/security/HashUserRealm$1;
Lorg/mortbay/util/Scanner$BulkListener;
Lorg/mortbay/jetty/security/HashUserRealm$2;
Lorg/mortbay/jetty/security/HashUserRealm$User;
Lorg/mortbay/jetty/security/HashUserRealm$KnownUser;
Lorg/mortbay/jetty/security/HashUserRealm$WrappedUser;
Lorg/mortbay/jetty/security/UserRealm;
Lorg/mortbay/jetty/security/HashUserRealm;
Lorg/mortbay/jetty/security/JDBCUserRealm;
Lorg/mortbay/jetty/security/PKCS12Import;
Lorg/mortbay/jetty/security/Password;
Lorg/mortbay/jetty/security/SecurityHandler$1;
Lorg/mortbay/jetty/security/SecurityHandler$2;
Lorg/mortbay/jetty/security/SecurityHandler$NotChecked;
Lorg/mortbay/jetty/security/ServletSSL;
Lorg/mortbay/jetty/security/SslHttpChannelEndPoint$1;
Lorg/mortbay/jetty/security/SslHttpChannelEndPoint$2;
Lorg/mortbay/jetty/security/SslHttpChannelEndPoint;
Lorg/mortbay/jetty/security/SslSelectChannelConnector$CachedInfo;
Lorg/mortbay/jetty/security/SslSelectChannelConnector;
Lorg/mortbay/jetty/security/SslSocketConnector$CachedInfo;
Lorg/mortbay/jetty/security/SslSocketConnector$SslConnection;
Lorg/mortbay/jetty/security/SslSocketConnector;
Lorg/mortbay/jetty/security/UnixCrypt;
Lorg/mortbay/jetty/servlet/AbstractSessionIdManager;
Lorg/mortbay/jetty/servlet/AbstractSessionManager$1;
Lorg/mortbay/jetty/servlet/AbstractSessionManager$NullSessionContext;
Lorg/mortbay/jetty/servlet/AbstractSessionManager$SessionIf;
Lorg/mortbay/jetty/servlet/AbstractSessionManager$Session;
Lorg/mortbay/jetty/servlet/AbstractSessionManager;
Lorg/mortbay/jetty/servlet/Context$SContext;
Lorg/mortbay/jetty/servlet/Context;
Lorg/mortbay/jetty/servlet/DefaultServlet$NIOResourceCache;
Lorg/mortbay/jetty/servlet/DefaultServlet$UnCachedContent;
Lorg/mortbay/resource/ResourceFactory;
Lorg/mortbay/jetty/servlet/DefaultServlet;
Lorg/mortbay/jetty/servlet/Dispatcher$ForwardAttributes;
Lorg/mortbay/jetty/servlet/Dispatcher$IncludeAttributes;
Lorg/mortbay/jetty/servlet/Dispatcher;
Lorg/mortbay/jetty/servlet/ErrorPageErrorHandler$ErrorCodeRange;
Lorg/mortbay/jetty/servlet/ErrorPageErrorHandler;
Lorg/mortbay/jetty/servlet/FilterHolder$Config;
Lorg/mortbay/jetty/servlet/Holder;
Lorg/mortbay/jetty/servlet/FilterHolder;
Lorg/mortbay/jetty/servlet/FilterMapping;
Lorg/mortbay/jetty/servlet/HashSessionIdManager;
Lorg/mortbay/jetty/servlet/HashSessionManager$1;
Lorg/mortbay/jetty/servlet/HashSessionManager$2;
Lorg/mortbay/jetty/servlet/HashSessionManager$ClassLoadingObjectInputStream;
Lorg/mortbay/jetty/servlet/HashSessionManager$Session;
Lorg/mortbay/jetty/servlet/HashSessionManager;
Lorg/mortbay/jetty/servlet/Invoker$Request;
Lorg/mortbay/jetty/servlet/Invoker;
Lorg/mortbay/jetty/servlet/PathMap$Entry;
Lorg/mortbay/jetty/servlet/PathMap;
Lorg/mortbay/jetty/servlet/ServletHandler$CachedChain;
Lorg/mortbay/jetty/servlet/ServletHandler$Chain;
Lorg/mortbay/jetty/servlet/ServletHandler;
Lorg/mortbay/jetty/servlet/ServletHolder$1;
Lorg/mortbay/jetty/servlet/ServletHolder$Config;
Lorg/mortbay/jetty/servlet/ServletHolder$SingleThreadedWrapper;
Lorg/mortbay/jetty/servlet/ServletHolder;
Lorg/mortbay/jetty/servlet/ServletMapping;
Lorg/mortbay/jetty/servlet/SessionHandler;
Lorg/mortbay/jetty/webapp/JettyWebXmlConfiguration;
Lorg/mortbay/jetty/webapp/TagLibConfiguration;
Lorg/mortbay/jetty/webapp/WebAppClassLoader;
Lorg/mortbay/jetty/webapp/WebAppContext;
Lorg/mortbay/jetty/webapp/WebXmlConfiguration;
Lorg/mortbay/log/Log$1;
Lorg/mortbay/log/Log;
Lorg/mortbay/log/StdErrLog;
Lorg/mortbay/proxy/AsyncProxyServlet$1;
Lorg/mortbay/proxy/AsyncProxyServlet;
Lorg/mortbay/proxy/AsyncProxyServlet$Transparent;
Lorg/mortbay/resource/Resource;
Lorg/mortbay/resource/URLResource;
Lorg/mortbay/resource/BadResource;
Lorg/mortbay/resource/FileResource;
Lorg/mortbay/resource/JarResource;
Lorg/mortbay/resource/JarFileResource;
Lorg/mortbay/resource/JarResource$1;
Lorg/mortbay/resource/ResourceCollection;
Lorg/mortbay/servlet/CGI$1;
Lorg/mortbay/servlet/CGI$EnvList;
Lorg/mortbay/servlet/CGI;
Lorg/mortbay/servlet/ConcatServlet;
Lorg/mortbay/servlet/GzipFilter$GZIPResponseWrapper;
Lorg/mortbay/servlet/GzipFilter$GzipStream;
Lorg/mortbay/servlet/UserAgentFilter;
Lorg/mortbay/servlet/GzipFilter;
Lorg/mortbay/servlet/MultiPartFilter$Wrapper;
Lorg/mortbay/servlet/MultiPartFilter;
Lorg/mortbay/servlet/NoJspServlet;
Lorg/mortbay/servlet/ProxyServlet;
Lorg/mortbay/servlet/PutFilter;
Lorg/mortbay/servlet/QoSFilter;
Lorg/mortbay/servlet/RestFilter;
Lorg/mortbay/servlet/ThrottlingFilter;
Lorg/mortbay/servlet/WelcomeFilter;
Lorg/mortbay/servlet/jetty/IncludableGzipFilter$IncludableGzipStream;
Lorg/mortbay/servlet/jetty/IncludableGzipFilter$IncludableResponseWrapper;
Lorg/mortbay/servlet/jetty/IncludableGzipFilter;
Lorg/mortbay/thread/BoundedThreadPool$PoolThread;
Lorg/mortbay/thread/ThreadPool;
Lorg/mortbay/thread/BoundedThreadPool;
Lorg/mortbay/thread/QueuedThreadPool$1;
Lorg/mortbay/thread/QueuedThreadPool$Lock;
Lorg/mortbay/thread/QueuedThreadPool$PoolThread;
Lorg/mortbay/thread/QueuedThreadPool;
Lorg/mortbay/thread/Timeout;
Lorg/mortbay/util/ArrayQueue;
Lorg/mortbay/util/AttributesMap;
Lorg/mortbay/util/ByteArrayISO8859Writer;
Lorg/mortbay/util/ByteArrayOutputStream2;
Lorg/mortbay/util/IO$1;
Lorg/mortbay/util/IO$ClosedIS;
Lorg/mortbay/util/IO$Job;
Lorg/mortbay/util/IO$NullOS;
Lorg/mortbay/util/IO$NullWrite;
Lorg/mortbay/util/IO$Singleton;
Lorg/mortbay/util/IO;
Lorg/mortbay/util/IntrospectionUtil;
Lorg/mortbay/util/LazyList;
Lorg/mortbay/util/Loader;
Lorg/mortbay/util/MultiException;
Lorg/mortbay/util/MultiMap;
Lorg/mortbay/util/MultiPartOutputStream;
Lorg/mortbay/util/MultiPartWriter;
Lorg/mortbay/util/QuotedStringTokenizer;
Lorg/mortbay/util/RolloverFileOutputStream$1;
Lorg/mortbay/util/RolloverFileOutputStream$RollTask;
Lorg/mortbay/util/RolloverFileOutputStream;
Lorg/mortbay/util/Scanner$1;
Lorg/mortbay/util/Scanner;
Lorg/mortbay/util/SingletonList$SIterator;
Lorg/mortbay/util/SingletonList;
Lorg/mortbay/util/StringMap$1;
Lorg/mortbay/util/StringMap$Node;
Lorg/mortbay/util/StringMap$NullEntry;
Lorg/mortbay/util/StringMap;
Lorg/mortbay/util/StringUtil;
Lorg/mortbay/util/TypeUtil;
Lorg/mortbay/util/URIUtil;
Lorg/mortbay/util/UrlEncoded;
Lorg/mortbay/util/Utf8StringBuffer;
Lorg/mortbay/util/ajax/AjaxFilter$1;
Lorg/mortbay/util/ajax/AjaxFilter$AjaxResponse;
Lorg/mortbay/util/ajax/AjaxFilter;
Lorg/mortbay/util/ajax/ContinuationSupport;
Lorg/mortbay/util/ajax/JSON$Convertible;
Lorg/mortbay/util/ajax/JSON$1;
Lorg/mortbay/util/ajax/JSON$Output;
Lorg/mortbay/util/ajax/JSON$2;
Lorg/mortbay/util/ajax/JSON$Convertor;
Lorg/mortbay/util/ajax/JSON$Generator;
Lorg/mortbay/util/ajax/JSON$Literal;
Lorg/mortbay/util/ajax/JSON$Source;
Lorg/mortbay/util/ajax/JSON$ReaderSource;
Lorg/mortbay/util/ajax/JSON$StringSource;
Lorg/mortbay/util/ajax/JSON;
Lorg/mortbay/util/ajax/JSONDateConvertor;
Lorg/mortbay/util/ajax/JSONEnumConvertor;
Lorg/mortbay/util/ajax/JSONObjectConvertor;
Lorg/mortbay/util/ajax/JSONPojoConvertor$NumberType;
Lorg/mortbay/util/ajax/JSONPojoConvertor$1;
Lorg/mortbay/util/ajax/JSONPojoConvertor$2;
Lorg/mortbay/util/ajax/JSONPojoConvertor$3;
Lorg/mortbay/util/ajax/JSONPojoConvertor$4;
Lorg/mortbay/util/ajax/JSONPojoConvertor$5;
Lorg/mortbay/util/ajax/JSONPojoConvertor$Setter;
Lorg/mortbay/util/ajax/JSONPojoConvertor;
Lorg/mortbay/util/ajax/WaitingContinuation;
Lorg/mortbay/xml/XmlConfiguration;
Lorg/mortbay/xml/XmlParser$Attribute;
Lorg/mortbay/xml/XmlParser$Handler;
Lorg/mortbay/xml/XmlParser$Node$1;
Lorg/mortbay/xml/XmlParser$Node;
Lorg/mortbay/xml/XmlParser$NoopHandler;
Lorg/mortbay/xml/XmlParser;
]]></system-out>
  <system-err><![CDATA[]]></system-err>
</testsuite>
